{"/Users/indofund/dwiky/stikes/SIK-rest-api/src/assets/htmlTemplate/index.js":{"path":"/Users/indofund/dwiky/stikes/SIK-rest-api/src/assets/htmlTemplate/index.js","statementMap":{"0":{"start":{"line":1,"column":39},"end":{"line":1,"column":63}},"1":{"start":{"line":2,"column":15},"end":{"line":2,"column":32}},"2":{"start":{"line":3,"column":0},"end":{"line":3,"column":19}},"3":{"start":{"line":4,"column":0},"end":{"line":244,"column":2}},"4":{"start":{"line":6,"column":4},"end":{"line":29,"column":11}},"5":{"start":{"line":31,"column":50},"end":{"line":37,"column":6}},"6":{"start":{"line":38,"column":35},"end":{"line":45,"column":6}},"7":{"start":{"line":46,"column":34},"end":{"line":53,"column":6}},"8":{"start":{"line":54,"column":51},"end":{"line":76,"column":6}},"9":{"start":{"line":77,"column":48},"end":{"line":85,"column":6}},"10":{"start":{"line":86,"column":43},"end":{"line":100,"column":8}},"11":{"start":{"line":101,"column":50},"end":{"line":116,"column":1}},"12":{"start":{"line":117,"column":43},"end":{"line":127,"column":1}},"13":{"start":{"line":129,"column":20},"end":{"line":141,"column":14}},"14":{"start":{"line":143,"column":4},"end":{"line":156,"column":7}},"15":{"start":{"line":144,"column":6},"end":{"line":155,"column":13}},"16":{"start":{"line":158,"column":4},"end":{"line":160,"column":14}},"17":{"start":{"line":161,"column":4},"end":{"line":169,"column":8}},"18":{"start":{"line":171,"column":4},"end":{"line":171,"column":21}},"19":{"start":{"line":174,"column":20},"end":{"line":187,"column":14}},"20":{"start":{"line":189,"column":4},"end":{"line":203,"column":7}},"21":{"start":{"line":190,"column":6},"end":{"line":202,"column":13}},"22":{"start":{"line":205,"column":4},"end":{"line":207,"column":14}},"23":{"start":{"line":208,"column":4},"end":{"line":216,"column":8}},"24":{"start":{"line":218,"column":4},"end":{"line":218,"column":21}},"25":{"start":{"line":221,"column":50},"end":{"line":232,"column":1}},"26":{"start":{"line":233,"column":43},"end":{"line":243,"column":1}}},"fnMap":{"0":{"name":"(anonymous_0)","decl":{"start":{"line":5,"column":30},"end":{"line":5,"column":31}},"loc":{"start":{"line":5,"column":60},"end":{"line":30,"column":3}},"line":5},"1":{"name":"(anonymous_1)","decl":{"start":{"line":31,"column":26},"end":{"line":31,"column":27}},"loc":{"start":{"line":31,"column":50},"end":{"line":37,"column":6}},"line":31},"2":{"name":"(anonymous_2)","decl":{"start":{"line":38,"column":18},"end":{"line":38,"column":19}},"loc":{"start":{"line":38,"column":35},"end":{"line":45,"column":6}},"line":38},"3":{"name":"(anonymous_3)","decl":{"start":{"line":46,"column":17},"end":{"line":46,"column":18}},"loc":{"start":{"line":46,"column":34},"end":{"line":53,"column":6}},"line":46},"4":{"name":"(anonymous_4)","decl":{"start":{"line":54,"column":27},"end":{"line":54,"column":28}},"loc":{"start":{"line":54,"column":51},"end":{"line":76,"column":6}},"line":54},"5":{"name":"(anonymous_5)","decl":{"start":{"line":77,"column":24},"end":{"line":77,"column":25}},"loc":{"start":{"line":77,"column":48},"end":{"line":85,"column":6}},"line":77},"6":{"name":"(anonymous_6)","decl":{"start":{"line":86,"column":32},"end":{"line":86,"column":33}},"loc":{"start":{"line":86,"column":43},"end":{"line":100,"column":8}},"line":86},"7":{"name":"(anonymous_7)","decl":{"start":{"line":101,"column":26},"end":{"line":101,"column":27}},"loc":{"start":{"line":101,"column":50},"end":{"line":116,"column":1}},"line":101},"8":{"name":"(anonymous_8)","decl":{"start":{"line":117,"column":19},"end":{"line":117,"column":20}},"loc":{"start":{"line":117,"column":43},"end":{"line":127,"column":1}},"line":117},"9":{"name":"(anonymous_9)","decl":{"start":{"line":128,"column":30},"end":{"line":128,"column":31}},"loc":{"start":{"line":128,"column":64},"end":{"line":172,"column":3}},"line":128},"10":{"name":"(anonymous_10)","decl":{"start":{"line":143,"column":23},"end":{"line":143,"column":24}},"loc":{"start":{"line":143,"column":38},"end":{"line":156,"column":5}},"line":143},"11":{"name":"(anonymous_11)","decl":{"start":{"line":173,"column":33},"end":{"line":173,"column":34}},"loc":{"start":{"line":173,"column":67},"end":{"line":219,"column":3}},"line":173},"12":{"name":"(anonymous_12)","decl":{"start":{"line":189,"column":23},"end":{"line":189,"column":24}},"loc":{"start":{"line":189,"column":38},"end":{"line":203,"column":5}},"line":189},"13":{"name":"(anonymous_13)","decl":{"start":{"line":221,"column":26},"end":{"line":221,"column":27}},"loc":{"start":{"line":221,"column":50},"end":{"line":232,"column":1}},"line":221},"14":{"name":"(anonymous_14)","decl":{"start":{"line":233,"column":32},"end":{"line":233,"column":33}},"loc":{"start":{"line":233,"column":43},"end":{"line":243,"column":1}},"line":233}},"branchMap":{"0":{"loc":{"start":{"line":8,"column":80},"end":{"line":13,"column":20}},"type":"cond-expr","locations":[{"start":{"line":9,"column":10},"end":{"line":12,"column":11}},{"start":{"line":13,"column":10},"end":{"line":13,"column":20}}],"line":8},"1":{"loc":{"start":{"line":9,"column":33},"end":{"line":11,"column":33}},"type":"cond-expr","locations":[{"start":{"line":10,"column":12},"end":{"line":10,"column":35}},{"start":{"line":11,"column":12},"end":{"line":11,"column":33}}],"line":9},"2":{"loc":{"start":{"line":15,"column":14},"end":{"line":17,"column":13}},"type":"cond-expr","locations":[{"start":{"line":16,"column":10},"end":{"line":16,"column":49}},{"start":{"line":17,"column":10},"end":{"line":17,"column":13}}],"line":15},"3":{"loc":{"start":{"line":20,"column":8},"end":{"line":22,"column":15}},"type":"cond-expr","locations":[{"start":{"line":21,"column":12},"end":{"line":21,"column":65}},{"start":{"line":22,"column":12},"end":{"line":22,"column":15}}],"line":20},"4":{"loc":{"start":{"line":21,"column":12},"end":{"line":21,"column":65}},"type":"binary-expr","locations":[{"start":{"line":21,"column":12},"end":{"line":21,"column":39}},{"start":{"line":21,"column":43},"end":{"line":21,"column":65}}],"line":21},"5":{"loc":{"start":{"line":24,"column":14},"end":{"line":24,"column":69}},"type":"cond-expr","locations":[{"start":{"line":24,"column":46},"end":{"line":24,"column":53}},{"start":{"line":24,"column":56},"end":{"line":24,"column":69}}],"line":24},"6":{"loc":{"start":{"line":25,"column":14},"end":{"line":27,"column":13}},"type":"cond-expr","locations":[{"start":{"line":26,"column":10},"end":{"line":26,"column":43}},{"start":{"line":27,"column":10},"end":{"line":27,"column":13}}],"line":25},"7":{"loc":{"start":{"line":26,"column":10},"end":{"line":26,"column":43}},"type":"binary-expr","locations":[{"start":{"line":26,"column":10},"end":{"line":26,"column":36}},{"start":{"line":26,"column":40},"end":{"line":26,"column":43}}],"line":26},"8":{"loc":{"start":{"line":33,"column":72},"end":{"line":33,"column":125}},"type":"cond-expr","locations":[{"start":{"line":33,"column":90},"end":{"line":33,"column":112}},{"start":{"line":33,"column":115},"end":{"line":33,"column":125}}],"line":33},"9":{"loc":{"start":{"line":56,"column":72},"end":{"line":56,"column":125}},"type":"cond-expr","locations":[{"start":{"line":56,"column":90},"end":{"line":56,"column":112}},{"start":{"line":56,"column":115},"end":{"line":56,"column":125}}],"line":56},"10":{"loc":{"start":{"line":60,"column":8},"end":{"line":62,"column":69}},"type":"binary-expr","locations":[{"start":{"line":60,"column":9},"end":{"line":62,"column":63}},{"start":{"line":62,"column":68},"end":{"line":62,"column":69}}],"line":60},"11":{"loc":{"start":{"line":60,"column":9},"end":{"line":62,"column":63}},"type":"cond-expr","locations":[{"start":{"line":61,"column":12},"end":{"line":61,"column":34}},{"start":{"line":62,"column":12},"end":{"line":62,"column":63}}],"line":60},"12":{"loc":{"start":{"line":68,"column":8},"end":{"line":68,"column":73}},"type":"binary-expr","locations":[{"start":{"line":68,"column":9},"end":{"line":68,"column":41}},{"start":{"line":68,"column":45},"end":{"line":68,"column":67}},{"start":{"line":68,"column":72},"end":{"line":68,"column":73}}],"line":68},"13":{"loc":{"start":{"line":73,"column":15},"end":{"line":73,"column":57}},"type":"binary-expr","locations":[{"start":{"line":73,"column":15},"end":{"line":73,"column":52}},{"start":{"line":73,"column":56},"end":{"line":73,"column":57}}],"line":73},"14":{"loc":{"start":{"line":84,"column":33},"end":{"line":84,"column":81}},"type":"cond-expr","locations":[{"start":{"line":84,"column":58},"end":{"line":84,"column":65}},{"start":{"line":84,"column":68},"end":{"line":84,"column":81}}],"line":84},"15":{"loc":{"start":{"line":104,"column":35},"end":{"line":108,"column":7}},"type":"cond-expr","locations":[{"start":{"line":105,"column":8},"end":{"line":105,"column":63}},{"start":{"line":106,"column":8},"end":{"line":108,"column":7}}],"line":104},"16":{"loc":{"start":{"line":111,"column":49},"end":{"line":112,"column":44}},"type":"binary-expr","locations":[{"start":{"line":111,"column":49},"end":{"line":111,"column":81}},{"start":{"line":112,"column":8},"end":{"line":112,"column":44}}],"line":111},"17":{"loc":{"start":{"line":113,"column":35},"end":{"line":113,"column":86}},"type":"binary-expr","locations":[{"start":{"line":113,"column":35},"end":{"line":113,"column":67}},{"start":{"line":113,"column":71},"end":{"line":113,"column":86}}],"line":113},"18":{"loc":{"start":{"line":121,"column":63},"end":{"line":121,"column":129}},"type":"cond-expr","locations":[{"start":{"line":121,"column":81},"end":{"line":121,"column":126}},{"start":{"line":121,"column":127},"end":{"line":121,"column":129}}],"line":121},"19":{"loc":{"start":{"line":122,"column":49},"end":{"line":122,"column":81}},"type":"binary-expr","locations":[{"start":{"line":122,"column":49},"end":{"line":122,"column":74}},{"start":{"line":122,"column":78},"end":{"line":122,"column":81}}],"line":122},"20":{"loc":{"start":{"line":123,"column":49},"end":{"line":123,"column":88}},"type":"binary-expr","locations":[{"start":{"line":123,"column":49},"end":{"line":123,"column":81}},{"start":{"line":123,"column":85},"end":{"line":123,"column":88}}],"line":123},"21":{"loc":{"start":{"line":148,"column":39},"end":{"line":148,"column":69}},"type":"binary-expr","locations":[{"start":{"line":148,"column":39},"end":{"line":148,"column":63}},{"start":{"line":148,"column":66},"end":{"line":148,"column":69}}],"line":148},"22":{"loc":{"start":{"line":148,"column":73},"end":{"line":148,"column":139}},"type":"cond-expr","locations":[{"start":{"line":148,"column":91},"end":{"line":148,"column":136}},{"start":{"line":148,"column":137},"end":{"line":148,"column":139}}],"line":148},"23":{"loc":{"start":{"line":150,"column":39},"end":{"line":150,"column":62}},"type":"binary-expr","locations":[{"start":{"line":150,"column":39},"end":{"line":150,"column":55}},{"start":{"line":150,"column":59},"end":{"line":150,"column":62}}],"line":150},"24":{"loc":{"start":{"line":151,"column":39},"end":{"line":151,"column":68}},"type":"binary-expr","locations":[{"start":{"line":151,"column":39},"end":{"line":151,"column":61}},{"start":{"line":151,"column":65},"end":{"line":151,"column":68}}],"line":151},"25":{"loc":{"start":{"line":152,"column":39},"end":{"line":152,"column":61}},"type":"binary-expr","locations":[{"start":{"line":152,"column":39},"end":{"line":152,"column":54}},{"start":{"line":152,"column":58},"end":{"line":152,"column":61}}],"line":152},"26":{"loc":{"start":{"line":153,"column":53},"end":{"line":153,"column":84}},"type":"binary-expr","locations":[{"start":{"line":153,"column":53},"end":{"line":153,"column":77}},{"start":{"line":153,"column":81},"end":{"line":153,"column":84}}],"line":153},"27":{"loc":{"start":{"line":154,"column":53},"end":{"line":154,"column":91}},"type":"binary-expr","locations":[{"start":{"line":154,"column":53},"end":{"line":154,"column":84}},{"start":{"line":154,"column":88},"end":{"line":154,"column":91}}],"line":154},"28":{"loc":{"start":{"line":165,"column":60},"end":{"line":165,"column":84}},"type":"binary-expr","locations":[{"start":{"line":165,"column":60},"end":{"line":165,"column":79}},{"start":{"line":165,"column":83},"end":{"line":165,"column":84}}],"line":165},"29":{"loc":{"start":{"line":192,"column":39},"end":{"line":192,"column":76}},"type":"binary-expr","locations":[{"start":{"line":192,"column":39},"end":{"line":192,"column":69}},{"start":{"line":192,"column":73},"end":{"line":192,"column":76}}],"line":192},"30":{"loc":{"start":{"line":194,"column":39},"end":{"line":194,"column":83}},"type":"binary-expr","locations":[{"start":{"line":194,"column":39},"end":{"line":194,"column":76}},{"start":{"line":194,"column":80},"end":{"line":194,"column":83}}],"line":194},"31":{"loc":{"start":{"line":195,"column":39},"end":{"line":195,"column":69}},"type":"binary-expr","locations":[{"start":{"line":195,"column":39},"end":{"line":195,"column":63}},{"start":{"line":195,"column":66},"end":{"line":195,"column":69}}],"line":195},"32":{"loc":{"start":{"line":195,"column":73},"end":{"line":195,"column":139}},"type":"cond-expr","locations":[{"start":{"line":195,"column":91},"end":{"line":195,"column":136}},{"start":{"line":195,"column":137},"end":{"line":195,"column":139}}],"line":195},"33":{"loc":{"start":{"line":197,"column":39},"end":{"line":197,"column":62}},"type":"binary-expr","locations":[{"start":{"line":197,"column":39},"end":{"line":197,"column":55}},{"start":{"line":197,"column":59},"end":{"line":197,"column":62}}],"line":197},"34":{"loc":{"start":{"line":198,"column":39},"end":{"line":198,"column":68}},"type":"binary-expr","locations":[{"start":{"line":198,"column":39},"end":{"line":198,"column":61}},{"start":{"line":198,"column":65},"end":{"line":198,"column":68}}],"line":198},"35":{"loc":{"start":{"line":199,"column":39},"end":{"line":199,"column":61}},"type":"binary-expr","locations":[{"start":{"line":199,"column":39},"end":{"line":199,"column":54}},{"start":{"line":199,"column":58},"end":{"line":199,"column":61}}],"line":199},"36":{"loc":{"start":{"line":200,"column":53},"end":{"line":200,"column":84}},"type":"binary-expr","locations":[{"start":{"line":200,"column":53},"end":{"line":200,"column":77}},{"start":{"line":200,"column":81},"end":{"line":200,"column":84}}],"line":200},"37":{"loc":{"start":{"line":201,"column":53},"end":{"line":201,"column":91}},"type":"binary-expr","locations":[{"start":{"line":201,"column":53},"end":{"line":201,"column":84}},{"start":{"line":201,"column":88},"end":{"line":201,"column":91}}],"line":201},"38":{"loc":{"start":{"line":212,"column":60},"end":{"line":212,"column":84}},"type":"binary-expr","locations":[{"start":{"line":212,"column":60},"end":{"line":212,"column":79}},{"start":{"line":212,"column":83},"end":{"line":212,"column":84}}],"line":212},"39":{"loc":{"start":{"line":223,"column":35},"end":{"line":223,"column":79}},"type":"binary-expr","locations":[{"start":{"line":223,"column":35},"end":{"line":223,"column":72}},{"start":{"line":223,"column":76},"end":{"line":223,"column":79}}],"line":223},"40":{"loc":{"start":{"line":225,"column":35},"end":{"line":225,"column":70}},"type":"binary-expr","locations":[{"start":{"line":225,"column":35},"end":{"line":225,"column":65}},{"start":{"line":225,"column":67},"end":{"line":225,"column":70}}],"line":225},"41":{"loc":{"start":{"line":226,"column":35},"end":{"line":226,"column":65}},"type":"binary-expr","locations":[{"start":{"line":226,"column":35},"end":{"line":226,"column":59}},{"start":{"line":226,"column":62},"end":{"line":226,"column":65}}],"line":226},"42":{"loc":{"start":{"line":226,"column":69},"end":{"line":226,"column":135}},"type":"cond-expr","locations":[{"start":{"line":226,"column":87},"end":{"line":226,"column":132}},{"start":{"line":226,"column":133},"end":{"line":226,"column":135}}],"line":226},"43":{"loc":{"start":{"line":228,"column":49},"end":{"line":228,"column":81}},"type":"binary-expr","locations":[{"start":{"line":228,"column":49},"end":{"line":228,"column":74}},{"start":{"line":228,"column":78},"end":{"line":228,"column":81}}],"line":228},"44":{"loc":{"start":{"line":229,"column":49},"end":{"line":229,"column":88}},"type":"binary-expr","locations":[{"start":{"line":229,"column":49},"end":{"line":229,"column":81}},{"start":{"line":229,"column":85},"end":{"line":229,"column":88}}],"line":229}},"s":{"0":0,"1":0,"2":0,"3":0,"4":0,"5":0,"6":0,"7":0,"8":0,"9":0,"10":0,"11":0,"12":0,"13":0,"14":0,"15":0,"16":0,"17":0,"18":0,"19":0,"20":0,"21":0,"22":0,"23":0,"24":0,"25":0,"26":0},"f":{"0":0,"1":0,"2":0,"3":0,"4":0,"5":0,"6":0,"7":0,"8":0,"9":0,"10":0,"11":0,"12":0,"13":0,"14":0},"b":{"0":[0,0],"1":[0,0],"2":[0,0],"3":[0,0],"4":[0,0],"5":[0,0],"6":[0,0],"7":[0,0],"8":[0,0],"9":[0,0],"10":[0,0],"11":[0,0],"12":[0,0,0],"13":[0,0],"14":[0,0],"15":[0,0],"16":[0,0],"17":[0,0],"18":[0,0],"19":[0,0],"20":[0,0],"21":[0,0],"22":[0,0],"23":[0,0],"24":[0,0],"25":[0,0],"26":[0,0],"27":[0,0],"28":[0,0],"29":[0,0],"30":[0,0],"31":[0,0],"32":[0,0],"33":[0,0],"34":[0,0],"35":[0,0],"36":[0,0],"37":[0,0],"38":[0,0],"39":[0,0],"40":[0,0],"41":[0,0],"42":[0,0],"43":[0,0],"44":[0,0]},"all":true},"/Users/indofund/dwiky/stikes/SIK-rest-api/src/config/db.config.js":{"path":"/Users/indofund/dwiky/stikes/SIK-rest-api/src/config/db.config.js","statementMap":{"0":{"start":{"line":1,"column":11},"end":{"line":1,"column":28}},"1":{"start":{"line":2,"column":17},"end":{"line":2,"column":36}},"2":{"start":{"line":3,"column":0},"end":{"line":3,"column":27}},"3":{"start":{"line":5,"column":19},"end":{"line":11,"column":2}},"4":{"start":{"line":13,"column":0},"end":{"line":17,"column":3}},"5":{"start":{"line":14,"column":2},"end":{"line":14,"column":21}},"6":{"start":{"line":14,"column":11},"end":{"line":14,"column":21}},"7":{"start":{"line":16,"column":2},"end":{"line":16,"column":36}},"8":{"start":{"line":18,"column":0},"end":{"line":18,"column":56}},"9":{"start":{"line":20,"column":0},"end":{"line":20,"column":28}}},"fnMap":{"0":{"name":"(anonymous_0)","decl":{"start":{"line":13,"column":19},"end":{"line":13,"column":20}},"loc":{"start":{"line":13,"column":28},"end":{"line":17,"column":1}},"line":13}},"branchMap":{"0":{"loc":{"start":{"line":14,"column":2},"end":{"line":14,"column":21}},"type":"if","locations":[{"start":{"line":14,"column":2},"end":{"line":14,"column":21}},{"start":{"line":14,"column":2},"end":{"line":14,"column":21}}],"line":14}},"s":{"0":0,"1":0,"2":0,"3":0,"4":0,"5":0,"6":0,"7":0,"8":0,"9":0},"f":{"0":0},"b":{"0":[0,0]},"all":true},"/Users/indofund/dwiky/stikes/SIK-rest-api/src/controllers/account-cost.js":{"path":"/Users/indofund/dwiky/stikes/SIK-rest-api/src/controllers/account-cost.js","statementMap":{"0":{"start":{"line":2,"column":29},"end":{"line":2,"column":57}},"1":{"start":{"line":3,"column":16},"end":{"line":3,"column":37}},"2":{"start":{"line":4,"column":27},"end":{"line":4,"column":66}},"3":{"start":{"line":5,"column":25},"end":{"line":5,"column":58}},"4":{"start":{"line":6,"column":25},"end":{"line":6,"column":58}},"5":{"start":{"line":7,"column":27},"end":{"line":7,"column":60}},"6":{"start":{"line":9,"column":0},"end":{"line":225,"column":2}},"7":{"start":{"line":11,"column":29},"end":{"line":11,"column":38}},"8":{"start":{"line":13,"column":6},"end":{"line":15,"column":46}},"9":{"start":{"line":16,"column":4},"end":{"line":16,"column":30}},"10":{"start":{"line":18,"column":19},"end":{"line":18,"column":66}},"11":{"start":{"line":19,"column":4},"end":{"line":24,"column":6}},"12":{"start":{"line":28,"column":29},"end":{"line":28,"column":38}},"13":{"start":{"line":29,"column":18},"end":{"line":33,"column":8}},"14":{"start":{"line":34,"column":19},"end":{"line":34,"column":74}},"15":{"start":{"line":35,"column":4},"end":{"line":35,"column":24}},"16":{"start":{"line":36,"column":4},"end":{"line":41,"column":6}},"17":{"start":{"line":45,"column":29},"end":{"line":45,"column":38}},"18":{"start":{"line":46,"column":18},"end":{"line":50,"column":8}},"19":{"start":{"line":51,"column":19},"end":{"line":51,"column":66}},"20":{"start":{"line":52,"column":4},"end":{"line":52,"column":24}},"21":{"start":{"line":53,"column":4},"end":{"line":58,"column":6}},"22":{"start":{"line":61,"column":29},"end":{"line":61,"column":38}},"23":{"start":{"line":62,"column":18},"end":{"line":66,"column":8}},"24":{"start":{"line":67,"column":19},"end":{"line":67,"column":66}},"25":{"start":{"line":68,"column":4},"end":{"line":68,"column":24}},"26":{"start":{"line":69,"column":4},"end":{"line":74,"column":6}},"27":{"start":{"line":77,"column":29},"end":{"line":77,"column":38}},"28":{"start":{"line":79,"column":6},"end":{"line":81,"column":44}},"29":{"start":{"line":82,"column":19},"end":{"line":82,"column":72}},"30":{"start":{"line":83,"column":4},"end":{"line":88,"column":6}},"31":{"start":{"line":91,"column":57},"end":{"line":91,"column":65}},"32":{"start":{"line":94,"column":6},"end":{"line":96,"column":44}},"33":{"start":{"line":97,"column":4},"end":{"line":128,"column":5}},"34":{"start":{"line":99,"column":8},"end":{"line":101,"column":41}},"35":{"start":{"line":102,"column":6},"end":{"line":102,"column":31}},"36":{"start":{"line":104,"column":24},"end":{"line":107,"column":7}},"37":{"start":{"line":108,"column":6},"end":{"line":108,"column":29}},"38":{"start":{"line":111,"column":8},"end":{"line":116,"column":21}},"39":{"start":{"line":114,"column":14},"end":{"line":114,"column":71}},"40":{"start":{"line":118,"column":8},"end":{"line":118,"column":70}},"41":{"start":{"line":120,"column":8},"end":{"line":124,"column":12}},"42":{"start":{"line":125,"column":6},"end":{"line":127,"column":9}},"43":{"start":{"line":130,"column":18},"end":{"line":130,"column":30}},"44":{"start":{"line":131,"column":22},"end":{"line":134,"column":5}},"45":{"start":{"line":136,"column":23},"end":{"line":136,"column":67}},"46":{"start":{"line":137,"column":20},"end":{"line":140,"column":25}},"47":{"start":{"line":141,"column":4},"end":{"line":143,"column":7}},"48":{"start":{"line":147,"column":19},"end":{"line":147,"column":40}},"49":{"start":{"line":148,"column":4},"end":{"line":152,"column":5}},"50":{"start":{"line":149,"column":6},"end":{"line":151,"column":9}},"51":{"start":{"line":161,"column":8},"end":{"line":161,"column":16}},"52":{"start":{"line":169,"column":20},"end":{"line":177,"column":5}},"53":{"start":{"line":178,"column":19},"end":{"line":178,"column":66}},"54":{"start":{"line":179,"column":4},"end":{"line":182,"column":7}},"55":{"start":{"line":184,"column":4},"end":{"line":189,"column":6}},"56":{"start":{"line":192,"column":19},"end":{"line":192,"column":29}},"57":{"start":{"line":193,"column":68},"end":{"line":193,"column":76}},"58":{"start":{"line":195,"column":22},"end":{"line":195,"column":67}},"59":{"start":{"line":196,"column":4},"end":{"line":198,"column":5}},"60":{"start":{"line":197,"column":6},"end":{"line":197,"column":55}},"61":{"start":{"line":199,"column":20},"end":{"line":203,"column":5}},"62":{"start":{"line":204,"column":19},"end":{"line":204,"column":69}},"63":{"start":{"line":206,"column":4},"end":{"line":206,"column":79}},"64":{"start":{"line":209,"column":19},"end":{"line":209,"column":29}},"65":{"start":{"line":211,"column":22},"end":{"line":211,"column":67}},"66":{"start":{"line":212,"column":4},"end":{"line":214,"column":5}},"67":{"start":{"line":213,"column":6},"end":{"line":213,"column":55}},"68":{"start":{"line":216,"column":19},"end":{"line":216,"column":63}},"69":{"start":{"line":218,"column":4},"end":{"line":223,"column":6}}},"fnMap":{"0":{"name":"(anonymous_0)","decl":{"start":{"line":10,"column":36},"end":{"line":10,"column":37}},"loc":{"start":{"line":10,"column":62},"end":{"line":25,"column":3}},"line":10},"1":{"name":"(anonymous_1)","decl":{"start":{"line":27,"column":39},"end":{"line":27,"column":40}},"loc":{"start":{"line":27,"column":65},"end":{"line":42,"column":3}},"line":27},"2":{"name":"(anonymous_2)","decl":{"start":{"line":44,"column":48},"end":{"line":44,"column":49}},"loc":{"start":{"line":44,"column":74},"end":{"line":59,"column":3}},"line":44},"3":{"name":"(anonymous_3)","decl":{"start":{"line":60,"column":47},"end":{"line":60,"column":48}},"loc":{"start":{"line":60,"column":73},"end":{"line":75,"column":3}},"line":60},"4":{"name":"(anonymous_4)","decl":{"start":{"line":76,"column":42},"end":{"line":76,"column":43}},"loc":{"start":{"line":76,"column":68},"end":{"line":89,"column":3}},"line":76},"5":{"name":"(anonymous_5)","decl":{"start":{"line":90,"column":45},"end":{"line":90,"column":46}},"loc":{"start":{"line":90,"column":71},"end":{"line":144,"column":3}},"line":90},"6":{"name":"(anonymous_6)","decl":{"start":{"line":113,"column":12},"end":{"line":113,"column":13}},"loc":{"start":{"line":114,"column":14},"end":{"line":114,"column":71}},"line":114},"7":{"name":"(anonymous_7)","decl":{"start":{"line":146,"column":34},"end":{"line":146,"column":35}},"loc":{"start":{"line":146,"column":60},"end":{"line":190,"column":3}},"line":146},"8":{"name":"(anonymous_8)","decl":{"start":{"line":191,"column":33},"end":{"line":191,"column":34}},"loc":{"start":{"line":191,"column":59},"end":{"line":207,"column":3}},"line":191},"9":{"name":"(anonymous_9)","decl":{"start":{"line":208,"column":36},"end":{"line":208,"column":37}},"loc":{"start":{"line":208,"column":62},"end":{"line":224,"column":3}},"line":208}},"branchMap":{"0":{"loc":{"start":{"line":13,"column":6},"end":{"line":15,"column":46}},"type":"cond-expr","locations":[{"start":{"line":14,"column":10},"end":{"line":14,"column":12}},{"start":{"line":15,"column":10},"end":{"line":15,"column":46}}],"line":13},"1":{"loc":{"start":{"line":13,"column":6},"end":{"line":13,"column":53}},"type":"binary-expr","locations":[{"start":{"line":13,"column":6},"end":{"line":13,"column":31}},{"start":{"line":13,"column":35},"end":{"line":13,"column":53}}],"line":13},"2":{"loc":{"start":{"line":30,"column":8},"end":{"line":32,"column":52}},"type":"cond-expr","locations":[{"start":{"line":31,"column":10},"end":{"line":31,"column":12}},{"start":{"line":32,"column":10},"end":{"line":32,"column":52}}],"line":30},"3":{"loc":{"start":{"line":30,"column":8},"end":{"line":30,"column":55}},"type":"binary-expr","locations":[{"start":{"line":30,"column":8},"end":{"line":30,"column":33}},{"start":{"line":30,"column":37},"end":{"line":30,"column":55}}],"line":30},"4":{"loc":{"start":{"line":47,"column":8},"end":{"line":49,"column":52}},"type":"cond-expr","locations":[{"start":{"line":48,"column":10},"end":{"line":48,"column":12}},{"start":{"line":49,"column":10},"end":{"line":49,"column":52}}],"line":47},"5":{"loc":{"start":{"line":47,"column":8},"end":{"line":47,"column":55}},"type":"binary-expr","locations":[{"start":{"line":47,"column":8},"end":{"line":47,"column":33}},{"start":{"line":47,"column":37},"end":{"line":47,"column":55}}],"line":47},"6":{"loc":{"start":{"line":63,"column":8},"end":{"line":65,"column":52}},"type":"cond-expr","locations":[{"start":{"line":64,"column":10},"end":{"line":64,"column":12}},{"start":{"line":65,"column":10},"end":{"line":65,"column":52}}],"line":63},"7":{"loc":{"start":{"line":63,"column":8},"end":{"line":63,"column":55}},"type":"binary-expr","locations":[{"start":{"line":63,"column":8},"end":{"line":63,"column":33}},{"start":{"line":63,"column":37},"end":{"line":63,"column":55}}],"line":63},"8":{"loc":{"start":{"line":79,"column":6},"end":{"line":81,"column":44}},"type":"cond-expr","locations":[{"start":{"line":80,"column":10},"end":{"line":80,"column":12}},{"start":{"line":81,"column":10},"end":{"line":81,"column":44}}],"line":79},"9":{"loc":{"start":{"line":79,"column":6},"end":{"line":79,"column":53}},"type":"binary-expr","locations":[{"start":{"line":79,"column":6},"end":{"line":79,"column":31}},{"start":{"line":79,"column":35},"end":{"line":79,"column":53}}],"line":79},"10":{"loc":{"start":{"line":94,"column":6},"end":{"line":96,"column":44}},"type":"cond-expr","locations":[{"start":{"line":95,"column":10},"end":{"line":95,"column":12}},{"start":{"line":96,"column":10},"end":{"line":96,"column":44}}],"line":94},"11":{"loc":{"start":{"line":94,"column":6},"end":{"line":94,"column":53}},"type":"binary-expr","locations":[{"start":{"line":94,"column":6},"end":{"line":94,"column":31}},{"start":{"line":94,"column":35},"end":{"line":94,"column":53}}],"line":94},"12":{"loc":{"start":{"line":97,"column":4},"end":{"line":128,"column":5}},"type":"if","locations":[{"start":{"line":97,"column":4},"end":{"line":128,"column":5}},{"start":{"line":97,"column":4},"end":{"line":128,"column":5}}],"line":97},"13":{"loc":{"start":{"line":99,"column":8},"end":{"line":101,"column":41}},"type":"cond-expr","locations":[{"start":{"line":100,"column":12},"end":{"line":100,"column":41}},{"start":{"line":101,"column":12},"end":{"line":101,"column":41}}],"line":99},"14":{"loc":{"start":{"line":111,"column":8},"end":{"line":116,"column":21}},"type":"cond-expr","locations":[{"start":{"line":112,"column":12},"end":{"line":115,"column":11}},{"start":{"line":116,"column":12},"end":{"line":116,"column":21}}],"line":111},"15":{"loc":{"start":{"line":118,"column":8},"end":{"line":118,"column":70}},"type":"binary-expr","locations":[{"start":{"line":118,"column":8},"end":{"line":118,"column":65}},{"start":{"line":118,"column":69},"end":{"line":118,"column":70}}],"line":118},"16":{"loc":{"start":{"line":120,"column":8},"end":{"line":124,"column":12}},"type":"cond-expr","locations":[{"start":{"line":121,"column":12},"end":{"line":122,"column":12}},{"start":{"line":123,"column":12},"end":{"line":124,"column":12}}],"line":120},"17":{"loc":{"start":{"line":137,"column":20},"end":{"line":140,"column":25}},"type":"cond-expr","locations":[{"start":{"line":138,"column":8},"end":{"line":139,"column":8}},{"start":{"line":140,"column":8},"end":{"line":140,"column":25}}],"line":137},"18":{"loc":{"start":{"line":148,"column":4},"end":{"line":152,"column":5}},"type":"if","locations":[{"start":{"line":148,"column":4},"end":{"line":152,"column":5}},{"start":{"line":148,"column":4},"end":{"line":152,"column":5}}],"line":148},"19":{"loc":{"start":{"line":173,"column":20},"end":{"line":173,"column":37}},"type":"binary-expr","locations":[{"start":{"line":173,"column":20},"end":{"line":173,"column":32}},{"start":{"line":173,"column":36},"end":{"line":173,"column":37}}],"line":173},"20":{"loc":{"start":{"line":174,"column":24},"end":{"line":174,"column":45}},"type":"binary-expr","locations":[{"start":{"line":174,"column":24},"end":{"line":174,"column":40}},{"start":{"line":174,"column":44},"end":{"line":174,"column":45}}],"line":174},"21":{"loc":{"start":{"line":175,"column":25},"end":{"line":175,"column":47}},"type":"binary-expr","locations":[{"start":{"line":175,"column":25},"end":{"line":175,"column":42}},{"start":{"line":175,"column":46},"end":{"line":175,"column":47}}],"line":175},"22":{"loc":{"start":{"line":196,"column":4},"end":{"line":198,"column":5}},"type":"if","locations":[{"start":{"line":196,"column":4},"end":{"line":198,"column":5}},{"start":{"line":196,"column":4},"end":{"line":198,"column":5}}],"line":196},"23":{"loc":{"start":{"line":212,"column":4},"end":{"line":214,"column":5}},"type":"if","locations":[{"start":{"line":212,"column":4},"end":{"line":214,"column":5}},{"start":{"line":212,"column":4},"end":{"line":214,"column":5}}],"line":212}},"s":{"0":0,"1":0,"2":0,"3":0,"4":0,"5":0,"6":0,"7":0,"8":0,"9":0,"10":0,"11":0,"12":0,"13":0,"14":0,"15":0,"16":0,"17":0,"18":0,"19":0,"20":0,"21":0,"22":0,"23":0,"24":0,"25":0,"26":0,"27":0,"28":0,"29":0,"30":0,"31":0,"32":0,"33":0,"34":0,"35":0,"36":0,"37":0,"38":0,"39":0,"40":0,"41":0,"42":0,"43":0,"44":0,"45":0,"46":0,"47":0,"48":0,"49":0,"50":0,"51":0,"52":0,"53":0,"54":0,"55":0,"56":0,"57":0,"58":0,"59":0,"60":0,"61":0,"62":0,"63":0,"64":0,"65":0,"66":0,"67":0,"68":0,"69":0},"f":{"0":0,"1":0,"2":0,"3":0,"4":0,"5":0,"6":0,"7":0,"8":0,"9":0},"b":{"0":[0,0],"1":[0,0],"2":[0,0],"3":[0,0],"4":[0,0],"5":[0,0],"6":[0,0],"7":[0,0],"8":[0,0],"9":[0,0],"10":[0,0],"11":[0,0],"12":[0,0],"13":[0,0],"14":[0,0],"15":[0,0],"16":[0,0],"17":[0,0],"18":[0,0],"19":[0,0],"20":[0,0],"21":[0,0],"22":[0,0],"23":[0,0]},"all":true},"/Users/indofund/dwiky/stikes/SIK-rest-api/src/controllers/alumni.js":{"path":"/Users/indofund/dwiky/stikes/SIK-rest-api/src/controllers/alumni.js","statementMap":{"0":{"start":{"line":1,"column":15},"end":{"line":1,"column":32}},"1":{"start":{"line":2,"column":16},"end":{"line":2,"column":37}},"2":{"start":{"line":3,"column":27},"end":{"line":3,"column":60}},"3":{"start":{"line":4,"column":27},"end":{"line":4,"column":66}},"4":{"start":{"line":5,"column":20},"end":{"line":5,"column":47}},"5":{"start":{"line":7,"column":0},"end":{"line":105,"column":2}},"6":{"start":{"line":19,"column":22},"end":{"line":19,"column":25}},"7":{"start":{"line":20,"column":24},"end":{"line":20,"column":26}},"8":{"start":{"line":21,"column":4},"end":{"line":21,"column":23}},"9":{"start":{"line":23,"column":4},"end":{"line":24,"column":80}},"10":{"start":{"line":25,"column":4},"end":{"line":25,"column":35}},"11":{"start":{"line":26,"column":4},"end":{"line":29,"column":26}},"12":{"start":{"line":30,"column":4},"end":{"line":31,"column":77}},"13":{"start":{"line":32,"column":4},"end":{"line":32,"column":29}},"14":{"start":{"line":34,"column":26},"end":{"line":34,"column":60}},"15":{"start":{"line":36,"column":19},"end":{"line":36,"column":64}},"16":{"start":{"line":38,"column":4},"end":{"line":38,"column":77}},"17":{"start":{"line":41,"column":19},"end":{"line":41,"column":29}},"18":{"start":{"line":42,"column":19},"end":{"line":42,"column":53}},"19":{"start":{"line":43,"column":4},"end":{"line":45,"column":5}},"20":{"start":{"line":44,"column":6},"end":{"line":44,"column":55}},"21":{"start":{"line":47,"column":4},"end":{"line":47,"column":78}},"22":{"start":{"line":70,"column":19},"end":{"line":70,"column":29}},"23":{"start":{"line":71,"column":21},"end":{"line":71,"column":24}},"24":{"start":{"line":72,"column":4},"end":{"line":72,"column":22}},"25":{"start":{"line":73,"column":20},"end":{"line":76,"column":5}},"26":{"start":{"line":77,"column":22},"end":{"line":77,"column":57}},"27":{"start":{"line":78,"column":4},"end":{"line":80,"column":5}},"28":{"start":{"line":79,"column":6},"end":{"line":79,"column":55}},"29":{"start":{"line":81,"column":19},"end":{"line":81,"column":59}},"30":{"start":{"line":82,"column":4},"end":{"line":82,"column":76}}},"fnMap":{"0":{"name":"(anonymous_0)","decl":{"start":{"line":18,"column":31},"end":{"line":18,"column":32}},"loc":{"start":{"line":18,"column":57},"end":{"line":39,"column":3}},"line":18},"1":{"name":"(anonymous_1)","decl":{"start":{"line":40,"column":32},"end":{"line":40,"column":33}},"loc":{"start":{"line":40,"column":58},"end":{"line":48,"column":3}},"line":40},"2":{"name":"(anonymous_2)","decl":{"start":{"line":69,"column":28},"end":{"line":69,"column":29}},"loc":{"start":{"line":69,"column":54},"end":{"line":83,"column":3}},"line":69}},"branchMap":{"0":{"loc":{"start":{"line":24,"column":6},"end":{"line":24,"column":79}},"type":"cond-expr","locations":[{"start":{"line":24,"column":60},"end":{"line":24,"column":62}},{"start":{"line":24,"column":65},"end":{"line":24,"column":79}}],"line":24},"1":{"loc":{"start":{"line":24,"column":6},"end":{"line":24,"column":57}},"type":"binary-expr","locations":[{"start":{"line":24,"column":6},"end":{"line":24,"column":26}},{"start":{"line":24,"column":30},"end":{"line":24,"column":57}}],"line":24},"2":{"loc":{"start":{"line":27,"column":6},"end":{"line":29,"column":25}},"type":"cond-expr","locations":[{"start":{"line":28,"column":10},"end":{"line":28,"column":12}},{"start":{"line":29,"column":10},"end":{"line":29,"column":25}}],"line":27},"3":{"loc":{"start":{"line":27,"column":6},"end":{"line":27,"column":59}},"type":"binary-expr","locations":[{"start":{"line":27,"column":6},"end":{"line":27,"column":27}},{"start":{"line":27,"column":31},"end":{"line":27,"column":59}}],"line":27},"4":{"loc":{"start":{"line":31,"column":6},"end":{"line":31,"column":76}},"type":"cond-expr","locations":[{"start":{"line":31,"column":58},"end":{"line":31,"column":60}},{"start":{"line":31,"column":63},"end":{"line":31,"column":76}}],"line":31},"5":{"loc":{"start":{"line":31,"column":6},"end":{"line":31,"column":55}},"type":"binary-expr","locations":[{"start":{"line":31,"column":6},"end":{"line":31,"column":25}},{"start":{"line":31,"column":29},"end":{"line":31,"column":55}}],"line":31},"6":{"loc":{"start":{"line":43,"column":4},"end":{"line":45,"column":5}},"type":"if","locations":[{"start":{"line":43,"column":4},"end":{"line":45,"column":5}},{"start":{"line":43,"column":4},"end":{"line":45,"column":5}}],"line":43},"7":{"loc":{"start":{"line":78,"column":4},"end":{"line":80,"column":5}},"type":"if","locations":[{"start":{"line":78,"column":4},"end":{"line":80,"column":5}},{"start":{"line":78,"column":4},"end":{"line":80,"column":5}}],"line":78}},"s":{"0":0,"1":0,"2":0,"3":0,"4":0,"5":0,"6":0,"7":0,"8":0,"9":0,"10":0,"11":0,"12":0,"13":0,"14":0,"15":0,"16":0,"17":0,"18":0,"19":0,"20":0,"21":0,"22":0,"23":0,"24":0,"25":0,"26":0,"27":0,"28":0,"29":0,"30":0},"f":{"0":0,"1":0,"2":0},"b":{"0":[0,0],"1":[0,0],"2":[0,0],"3":[0,0],"4":[0,0],"5":[0,0],"6":[0,0],"7":[0,0]},"all":true},"/Users/indofund/dwiky/stikes/SIK-rest-api/src/controllers/auth.js":{"path":"/Users/indofund/dwiky/stikes/SIK-rest-api/src/controllers/auth.js","statementMap":{"0":{"start":{"line":2,"column":26},"end":{"line":2,"column":54}},"1":{"start":{"line":3,"column":15},"end":{"line":3,"column":34}},"2":{"start":{"line":4,"column":12},"end":{"line":4,"column":35}},"3":{"start":{"line":5,"column":16},"end":{"line":5,"column":37}},"4":{"start":{"line":6,"column":27},"end":{"line":6,"column":60}},"5":{"start":{"line":7,"column":27},"end":{"line":7,"column":66}},"6":{"start":{"line":8,"column":18},"end":{"line":8,"column":43}},"7":{"start":{"line":10,"column":22},"end":{"line":10,"column":24}},"8":{"start":{"line":12,"column":0},"end":{"line":109,"column":2}},"9":{"start":{"line":14,"column":42},"end":{"line":14,"column":50}},"10":{"start":{"line":15,"column":22},"end":{"line":15,"column":67}},"11":{"start":{"line":16,"column":4},"end":{"line":16,"column":25}},"12":{"start":{"line":17,"column":4},"end":{"line":19,"column":5}},"13":{"start":{"line":18,"column":6},"end":{"line":18,"column":71}},"14":{"start":{"line":20,"column":28},"end":{"line":23,"column":5}},"15":{"start":{"line":24,"column":4},"end":{"line":26,"column":5}},"16":{"start":{"line":25,"column":6},"end":{"line":25,"column":71}},"17":{"start":{"line":27,"column":4},"end":{"line":27,"column":35}},"18":{"start":{"line":28,"column":4},"end":{"line":28,"column":32}},"19":{"start":{"line":29,"column":4},"end":{"line":29,"column":32}},"20":{"start":{"line":31,"column":18},"end":{"line":31,"column":68}},"21":{"start":{"line":32,"column":4},"end":{"line":32,"column":27}},"22":{"start":{"line":33,"column":25},"end":{"line":36,"column":5}},"23":{"start":{"line":37,"column":4},"end":{"line":37,"column":37}},"24":{"start":{"line":38,"column":19},"end":{"line":42,"column":5}},"25":{"start":{"line":43,"column":4},"end":{"line":43,"column":24}},"26":{"start":{"line":44,"column":4},"end":{"line":44,"column":64}},"27":{"start":{"line":47,"column":22},"end":{"line":47,"column":30}},"28":{"start":{"line":48,"column":4},"end":{"line":48,"column":40}},"29":{"start":{"line":49,"column":24},"end":{"line":49,"column":65}},"30":{"start":{"line":50,"column":4},"end":{"line":50,"column":29}},"31":{"start":{"line":51,"column":19},"end":{"line":51,"column":76}},"32":{"start":{"line":52,"column":4},"end":{"line":54,"column":5}},"33":{"start":{"line":53,"column":6},"end":{"line":53,"column":63}},"34":{"start":{"line":55,"column":4},"end":{"line":55,"column":32}},"35":{"start":{"line":56,"column":4},"end":{"line":56,"column":29}},"36":{"start":{"line":57,"column":4},"end":{"line":57,"column":29}},"37":{"start":{"line":59,"column":4},"end":{"line":62,"column":7}},"38":{"start":{"line":66,"column":6},"end":{"line":66,"column":14}},"39":{"start":{"line":68,"column":22},"end":{"line":68,"column":67}},"40":{"start":{"line":69,"column":4},"end":{"line":71,"column":5}},"41":{"start":{"line":70,"column":6},"end":{"line":70,"column":64}},"42":{"start":{"line":74,"column":25},"end":{"line":74,"column":58}},"43":{"start":{"line":75,"column":25},"end":{"line":75,"column":100}},"44":{"start":{"line":76,"column":25},"end":{"line":80,"column":5}},"45":{"start":{"line":81,"column":4},"end":{"line":81,"column":30}},"46":{"start":{"line":83,"column":19},"end":{"line":88,"column":6}},"47":{"start":{"line":90,"column":22},"end":{"line":92,"column":5}},"48":{"start":{"line":93,"column":4},"end":{"line":93,"column":30}},"49":{"start":{"line":95,"column":4},"end":{"line":95,"column":67}},"50":{"start":{"line":98,"column":4},"end":{"line":98,"column":31}},"51":{"start":{"line":99,"column":22},"end":{"line":99,"column":30}},"52":{"start":{"line":100,"column":22},"end":{"line":100,"column":70}},"53":{"start":{"line":100,"column":56},"end":{"line":100,"column":69}},"54":{"start":{"line":101,"column":4},"end":{"line":103,"column":5}},"55":{"start":{"line":102,"column":6},"end":{"line":102,"column":63}},"56":{"start":{"line":105,"column":4},"end":{"line":105,"column":39}},"57":{"start":{"line":106,"column":4},"end":{"line":106,"column":31}},"58":{"start":{"line":107,"column":4},"end":{"line":107,"column":61}}},"fnMap":{"0":{"name":"(anonymous_0)","decl":{"start":{"line":13,"column":24},"end":{"line":13,"column":25}},"loc":{"start":{"line":13,"column":50},"end":{"line":45,"column":3}},"line":13},"1":{"name":"(anonymous_1)","decl":{"start":{"line":46,"column":26},"end":{"line":46,"column":27}},"loc":{"start":{"line":46,"column":52},"end":{"line":63,"column":3}},"line":46},"2":{"name":"(anonymous_2)","decl":{"start":{"line":64,"column":27},"end":{"line":64,"column":28}},"loc":{"start":{"line":64,"column":53},"end":{"line":96,"column":3}},"line":64},"3":{"name":"(anonymous_3)","decl":{"start":{"line":97,"column":25},"end":{"line":97,"column":26}},"loc":{"start":{"line":97,"column":51},"end":{"line":108,"column":3}},"line":97},"4":{"name":"(anonymous_4)","decl":{"start":{"line":100,"column":46},"end":{"line":100,"column":47}},"loc":{"start":{"line":100,"column":56},"end":{"line":100,"column":69}},"line":100}},"branchMap":{"0":{"loc":{"start":{"line":17,"column":4},"end":{"line":19,"column":5}},"type":"if","locations":[{"start":{"line":17,"column":4},"end":{"line":19,"column":5}},{"start":{"line":17,"column":4},"end":{"line":19,"column":5}}],"line":17},"1":{"loc":{"start":{"line":24,"column":4},"end":{"line":26,"column":5}},"type":"if","locations":[{"start":{"line":24,"column":4},"end":{"line":26,"column":5}},{"start":{"line":24,"column":4},"end":{"line":26,"column":5}}],"line":24},"2":{"loc":{"start":{"line":52,"column":4},"end":{"line":54,"column":5}},"type":"if","locations":[{"start":{"line":52,"column":4},"end":{"line":54,"column":5}},{"start":{"line":52,"column":4},"end":{"line":54,"column":5}}],"line":52},"3":{"loc":{"start":{"line":69,"column":4},"end":{"line":71,"column":5}},"type":"if","locations":[{"start":{"line":69,"column":4},"end":{"line":71,"column":5}},{"start":{"line":69,"column":4},"end":{"line":71,"column":5}}],"line":69},"4":{"loc":{"start":{"line":101,"column":4},"end":{"line":103,"column":5}},"type":"if","locations":[{"start":{"line":101,"column":4},"end":{"line":103,"column":5}},{"start":{"line":101,"column":4},"end":{"line":103,"column":5}}],"line":101}},"s":{"0":0,"1":0,"2":0,"3":0,"4":0,"5":0,"6":0,"7":0,"8":0,"9":0,"10":0,"11":0,"12":0,"13":0,"14":0,"15":0,"16":0,"17":0,"18":0,"19":0,"20":0,"21":0,"22":0,"23":0,"24":0,"25":0,"26":0,"27":0,"28":0,"29":0,"30":0,"31":0,"32":0,"33":0,"34":0,"35":0,"36":0,"37":0,"38":0,"39":0,"40":0,"41":0,"42":0,"43":0,"44":0,"45":0,"46":0,"47":0,"48":0,"49":0,"50":0,"51":0,"52":0,"53":0,"54":0,"55":0,"56":0,"57":0,"58":0},"f":{"0":0,"1":0,"2":0,"3":0,"4":0},"b":{"0":[0,0],"1":[0,0],"2":[0,0],"3":[0,0],"4":[0,0]},"all":true},"/Users/indofund/dwiky/stikes/SIK-rest-api/src/controllers/bulk.js":{"path":"/Users/indofund/dwiky/stikes/SIK-rest-api/src/controllers/bulk.js","statementMap":{"0":{"start":{"line":1,"column":18},"end":{"line":1,"column":48}},"1":{"start":{"line":2,"column":16},"end":{"line":2,"column":37}},"2":{"start":{"line":3,"column":27},"end":{"line":3,"column":60}},"3":{"start":{"line":4,"column":27},"end":{"line":4,"column":66}},"4":{"start":{"line":5,"column":19},"end":{"line":5,"column":45}},"5":{"start":{"line":6,"column":20},"end":{"line":6,"column":52}},"6":{"start":{"line":7,"column":15},"end":{"line":7,"column":32}},"7":{"start":{"line":9,"column":0},"end":{"line":48,"column":2}},"8":{"start":{"line":11,"column":21},"end":{"line":11,"column":24}},"9":{"start":{"line":13,"column":19},"end":{"line":21,"column":6}},"10":{"start":{"line":24,"column":19},"end":{"line":43,"column":6}},"11":{"start":{"line":24,"column":47},"end":{"line":43,"column":5}},"12":{"start":{"line":44,"column":4},"end":{"line":44,"column":24}},"13":{"start":{"line":45,"column":4},"end":{"line":45,"column":43}},"14":{"start":{"line":46,"column":4},"end":{"line":46,"column":68}}},"fnMap":{"0":{"name":"(anonymous_0)","decl":{"start":{"line":10,"column":28},"end":{"line":10,"column":29}},"loc":{"start":{"line":10,"column":54},"end":{"line":47,"column":3}},"line":10},"1":{"name":"(anonymous_1)","decl":{"start":{"line":24,"column":38},"end":{"line":24,"column":39}},"loc":{"start":{"line":24,"column":47},"end":{"line":43,"column":5}},"line":24}},"branchMap":{},"s":{"0":0,"1":0,"2":0,"3":0,"4":0,"5":0,"6":0,"7":0,"8":0,"9":0,"10":0,"11":0,"12":0,"13":0,"14":0},"f":{"0":0,"1":0},"b":{},"all":true},"/Users/indofund/dwiky/stikes/SIK-rest-api/src/controllers/cash-account.js":{"path":"/Users/indofund/dwiky/stikes/SIK-rest-api/src/controllers/cash-account.js","statementMap":{"0":{"start":{"line":1,"column":15},"end":{"line":1,"column":32}},"1":{"start":{"line":2,"column":16},"end":{"line":2,"column":37}},"2":{"start":{"line":3,"column":27},"end":{"line":3,"column":60}},"3":{"start":{"line":4,"column":27},"end":{"line":4,"column":66}},"4":{"start":{"line":5,"column":25},"end":{"line":5,"column":58}},"5":{"start":{"line":6,"column":18},"end":{"line":6,"column":51}},"6":{"start":{"line":8,"column":0},"end":{"line":42,"column":2}},"7":{"start":{"line":10,"column":29},"end":{"line":10,"column":38}},"8":{"start":{"line":12,"column":6},"end":{"line":14,"column":46}},"9":{"start":{"line":15,"column":24},"end":{"line":15,"column":26}},"10":{"start":{"line":17,"column":19},"end":{"line":17,"column":66}},"11":{"start":{"line":18,"column":22},"end":{"line":30,"column":5}},"12":{"start":{"line":22,"column":10},"end":{"line":22,"column":71}},"13":{"start":{"line":27,"column":10},"end":{"line":27,"column":72}},"14":{"start":{"line":32,"column":4},"end":{"line":32,"column":76}},"15":{"start":{"line":35,"column":19},"end":{"line":35,"column":29}},"16":{"start":{"line":36,"column":21},"end":{"line":36,"column":24}},"17":{"start":{"line":38,"column":19},"end":{"line":38,"column":64}},"18":{"start":{"line":40,"column":4},"end":{"line":40,"column":77}}},"fnMap":{"0":{"name":"(anonymous_0)","decl":{"start":{"line":9,"column":36},"end":{"line":9,"column":37}},"loc":{"start":{"line":9,"column":62},"end":{"line":33,"column":3}},"line":9},"1":{"name":"(anonymous_1)","decl":{"start":{"line":21,"column":8},"end":{"line":21,"column":9}},"loc":{"start":{"line":22,"column":10},"end":{"line":22,"column":71}},"line":22},"2":{"name":"(anonymous_2)","decl":{"start":{"line":26,"column":8},"end":{"line":26,"column":9}},"loc":{"start":{"line":27,"column":10},"end":{"line":27,"column":72}},"line":27},"3":{"name":"(anonymous_3)","decl":{"start":{"line":34,"column":33},"end":{"line":34,"column":34}},"loc":{"start":{"line":34,"column":59},"end":{"line":41,"column":3}},"line":34}},"branchMap":{"0":{"loc":{"start":{"line":12,"column":6},"end":{"line":14,"column":46}},"type":"cond-expr","locations":[{"start":{"line":13,"column":10},"end":{"line":13,"column":12}},{"start":{"line":14,"column":10},"end":{"line":14,"column":46}}],"line":12},"1":{"loc":{"start":{"line":12,"column":6},"end":{"line":12,"column":53}},"type":"binary-expr","locations":[{"start":{"line":12,"column":6},"end":{"line":12,"column":31}},{"start":{"line":12,"column":35},"end":{"line":12,"column":53}}],"line":12}},"s":{"0":0,"1":0,"2":0,"3":0,"4":0,"5":0,"6":0,"7":0,"8":0,"9":0,"10":0,"11":0,"12":0,"13":0,"14":0,"15":0,"16":0,"17":0,"18":0},"f":{"0":0,"1":0,"2":0,"3":0},"b":{"0":[0,0],"1":[0,0]},"all":true},"/Users/indofund/dwiky/stikes/SIK-rest-api/src/controllers/dashboard.js":{"path":"/Users/indofund/dwiky/stikes/SIK-rest-api/src/controllers/dashboard.js","statementMap":{"0":{"start":{"line":1,"column":15},"end":{"line":1,"column":32}},"1":{"start":{"line":2,"column":16},"end":{"line":2,"column":37}},"2":{"start":{"line":3,"column":27},"end":{"line":3,"column":60}},"3":{"start":{"line":4,"column":27},"end":{"line":4,"column":66}},"4":{"start":{"line":5,"column":23},"end":{"line":5,"column":53}},"5":{"start":{"line":7,"column":0},"end":{"line":16,"column":2}},"6":{"start":{"line":9,"column":24},"end":{"line":9,"column":64}},"7":{"start":{"line":10,"column":22},"end":{"line":12,"column":5}},"8":{"start":{"line":14,"column":4},"end":{"line":14,"column":80}}},"fnMap":{"0":{"name":"(anonymous_0)","decl":{"start":{"line":8,"column":35},"end":{"line":8,"column":36}},"loc":{"start":{"line":8,"column":61},"end":{"line":15,"column":3}},"line":8}},"branchMap":{},"s":{"0":0,"1":0,"2":0,"3":0,"4":0,"5":0,"6":0,"7":0,"8":0},"f":{"0":0},"b":{},"all":true},"/Users/indofund/dwiky/stikes/SIK-rest-api/src/controllers/db-backup.js":{"path":"/Users/indofund/dwiky/stikes/SIK-rest-api/src/controllers/db-backup.js","statementMap":{"0":{"start":{"line":1,"column":27},"end":{"line":1,"column":66}},"1":{"start":{"line":2,"column":16},"end":{"line":2,"column":37}},"2":{"start":{"line":3,"column":11},"end":{"line":3,"column":24}},"3":{"start":{"line":4,"column":13},"end":{"line":4,"column":28}},"4":{"start":{"line":5,"column":0},"end":{"line":29,"column":1}},"5":{"start":{"line":8,"column":29},"end":{"line":8,"column":60}},"6":{"start":{"line":9,"column":27},"end":{"line":9,"column":70}},"7":{"start":{"line":10,"column":8},"end":{"line":26,"column":9}},"8":{"start":{"line":11,"column":12},"end":{"line":22,"column":15}},"9":{"start":{"line":12,"column":16},"end":{"line":21,"column":17}},"10":{"start":{"line":13,"column":20},"end":{"line":13,"column":62}},"11":{"start":{"line":14,"column":20},"end":{"line":14,"column":71}},"12":{"start":{"line":17,"column":20},"end":{"line":17,"column":58}},"13":{"start":{"line":19,"column":20},"end":{"line":19,"column":26}},"14":{"start":{"line":24,"column":12},"end":{"line":24,"column":63}}},"fnMap":{"0":{"name":"(anonymous_0)","decl":{"start":{"line":6,"column":37},"end":{"line":6,"column":38}},"loc":{"start":{"line":6,"column":63},"end":{"line":28,"column":5}},"line":6},"1":{"name":"(anonymous_1)","decl":{"start":{"line":11,"column":61},"end":{"line":11,"column":62}},"loc":{"start":{"line":11,"column":70},"end":{"line":22,"column":13}},"line":11}},"branchMap":{"0":{"loc":{"start":{"line":10,"column":8},"end":{"line":26,"column":9}},"type":"if","locations":[{"start":{"line":10,"column":8},"end":{"line":26,"column":9}},{"start":{"line":10,"column":8},"end":{"line":26,"column":9}}],"line":10},"1":{"loc":{"start":{"line":12,"column":16},"end":{"line":21,"column":17}},"type":"if","locations":[{"start":{"line":12,"column":16},"end":{"line":21,"column":17}},{"start":{"line":12,"column":16},"end":{"line":21,"column":17}}],"line":12}},"s":{"0":0,"1":0,"2":0,"3":0,"4":0,"5":0,"6":0,"7":0,"8":0,"9":0,"10":0,"11":0,"12":0,"13":0,"14":0},"f":{"0":0,"1":0},"b":{"0":[0,0],"1":[0,0]},"all":true},"/Users/indofund/dwiky/stikes/SIK-rest-api/src/controllers/debit.js":{"path":"/Users/indofund/dwiky/stikes/SIK-rest-api/src/controllers/debit.js","statementMap":{"0":{"start":{"line":1,"column":15},"end":{"line":1,"column":32}},"1":{"start":{"line":2,"column":16},"end":{"line":2,"column":37}},"2":{"start":{"line":3,"column":27},"end":{"line":3,"column":60}},"3":{"start":{"line":4,"column":27},"end":{"line":4,"column":66}},"4":{"start":{"line":5,"column":19},"end":{"line":5,"column":45}},"5":{"start":{"line":6,"column":17},"end":{"line":6,"column":41}},"6":{"start":{"line":8,"column":0},"end":{"line":208,"column":2}},"7":{"start":{"line":10,"column":29},"end":{"line":10,"column":44}},"8":{"start":{"line":12,"column":19},"end":{"line":12,"column":70}},"9":{"start":{"line":13,"column":4},"end":{"line":13,"column":76}},"10":{"start":{"line":17,"column":32},"end":{"line":17,"column":41}},"11":{"start":{"line":18,"column":19},"end":{"line":21,"column":5}},"12":{"start":{"line":22,"column":4},"end":{"line":24,"column":5}},"13":{"start":{"line":23,"column":6},"end":{"line":23,"column":55}},"14":{"start":{"line":26,"column":19},"end":{"line":34,"column":5}},"15":{"start":{"line":27,"column":31},"end":{"line":33,"column":7}},"16":{"start":{"line":35,"column":22},"end":{"line":52,"column":5}},"17":{"start":{"line":39,"column":10},"end":{"line":39,"column":58}},"18":{"start":{"line":44,"column":10},"end":{"line":44,"column":62}},"19":{"start":{"line":49,"column":10},"end":{"line":49,"column":64}},"20":{"start":{"line":54,"column":4},"end":{"line":59,"column":6}},"21":{"start":{"line":72,"column":8},"end":{"line":72,"column":16}},"22":{"start":{"line":74,"column":22},"end":{"line":74,"column":25}},"23":{"start":{"line":76,"column":21},"end":{"line":89,"column":5}},"24":{"start":{"line":91,"column":19},"end":{"line":91,"column":55}},"25":{"start":{"line":93,"column":23},"end":{"line":96,"column":5}},"26":{"start":{"line":97,"column":4},"end":{"line":97,"column":23}},"27":{"start":{"line":98,"column":4},"end":{"line":98,"column":39}},"28":{"start":{"line":99,"column":4},"end":{"line":104,"column":6}},"29":{"start":{"line":107,"column":26},"end":{"line":107,"column":34}},"30":{"start":{"line":108,"column":22},"end":{"line":108,"column":25}},"31":{"start":{"line":109,"column":21},"end":{"line":111,"column":5}},"32":{"start":{"line":113,"column":19},"end":{"line":116,"column":5}},"33":{"start":{"line":117,"column":23},"end":{"line":121,"column":5}},"34":{"start":{"line":122,"column":4},"end":{"line":122,"column":39}},"35":{"start":{"line":123,"column":4},"end":{"line":128,"column":6}},"36":{"start":{"line":132,"column":26},"end":{"line":132,"column":34}},"37":{"start":{"line":133,"column":15},"end":{"line":133,"column":61}},"38":{"start":{"line":134,"column":22},"end":{"line":134,"column":60}},"39":{"start":{"line":135,"column":20},"end":{"line":137,"column":16}},"40":{"start":{"line":138,"column":21},"end":{"line":140,"column":12}},"41":{"start":{"line":142,"column":4},"end":{"line":142,"column":21}},"42":{"start":{"line":143,"column":4},"end":{"line":145,"column":7}},"43":{"start":{"line":148,"column":19},"end":{"line":148,"column":29}},"44":{"start":{"line":159,"column":8},"end":{"line":159,"column":16}},"45":{"start":{"line":161,"column":22},"end":{"line":161,"column":25}},"46":{"start":{"line":163,"column":21},"end":{"line":173,"column":5}},"47":{"start":{"line":175,"column":22},"end":{"line":175,"column":55}},"48":{"start":{"line":176,"column":4},"end":{"line":178,"column":5}},"49":{"start":{"line":177,"column":6},"end":{"line":177,"column":55}},"50":{"start":{"line":180,"column":19},"end":{"line":180,"column":58}},"51":{"start":{"line":182,"column":23},"end":{"line":185,"column":5}},"52":{"start":{"line":186,"column":4},"end":{"line":186,"column":39}},"53":{"start":{"line":188,"column":4},"end":{"line":188,"column":77}},"54":{"start":{"line":191,"column":19},"end":{"line":191,"column":29}},"55":{"start":{"line":192,"column":4},"end":{"line":192,"column":20}},"56":{"start":{"line":193,"column":22},"end":{"line":193,"column":25}},"57":{"start":{"line":195,"column":22},"end":{"line":195,"column":55}},"58":{"start":{"line":196,"column":4},"end":{"line":198,"column":5}},"59":{"start":{"line":197,"column":6},"end":{"line":197,"column":55}},"60":{"start":{"line":199,"column":19},"end":{"line":199,"column":51}},"61":{"start":{"line":201,"column":23},"end":{"line":204,"column":5}},"62":{"start":{"line":205,"column":4},"end":{"line":205,"column":39}},"63":{"start":{"line":206,"column":4},"end":{"line":206,"column":77}}},"fnMap":{"0":{"name":"(anonymous_0)","decl":{"start":{"line":9,"column":39},"end":{"line":9,"column":40}},"loc":{"start":{"line":9,"column":65},"end":{"line":14,"column":3}},"line":9},"1":{"name":"(anonymous_1)","decl":{"start":{"line":16,"column":38},"end":{"line":16,"column":39}},"loc":{"start":{"line":16,"column":64},"end":{"line":60,"column":3}},"line":16},"2":{"name":"(anonymous_2)","decl":{"start":{"line":27,"column":20},"end":{"line":27,"column":21}},"loc":{"start":{"line":27,"column":31},"end":{"line":33,"column":7}},"line":27},"3":{"name":"(anonymous_3)","decl":{"start":{"line":38,"column":8},"end":{"line":38,"column":9}},"loc":{"start":{"line":39,"column":10},"end":{"line":39,"column":58}},"line":39},"4":{"name":"(anonymous_4)","decl":{"start":{"line":43,"column":8},"end":{"line":43,"column":9}},"loc":{"start":{"line":44,"column":10},"end":{"line":44,"column":62}},"line":44},"5":{"name":"(anonymous_5)","decl":{"start":{"line":48,"column":8},"end":{"line":48,"column":9}},"loc":{"start":{"line":49,"column":10},"end":{"line":49,"column":64}},"line":49},"6":{"name":"(anonymous_6)","decl":{"start":{"line":61,"column":40},"end":{"line":61,"column":41}},"loc":{"start":{"line":61,"column":66},"end":{"line":105,"column":3}},"line":61},"7":{"name":"(anonymous_7)","decl":{"start":{"line":106,"column":37},"end":{"line":106,"column":38}},"loc":{"start":{"line":106,"column":63},"end":{"line":129,"column":3}},"line":106},"8":{"name":"(anonymous_8)","decl":{"start":{"line":131,"column":32},"end":{"line":131,"column":33}},"loc":{"start":{"line":131,"column":58},"end":{"line":146,"column":3}},"line":131},"9":{"name":"(anonymous_9)","decl":{"start":{"line":147,"column":27},"end":{"line":147,"column":28}},"loc":{"start":{"line":147,"column":53},"end":{"line":189,"column":3}},"line":147},"10":{"name":"(anonymous_10)","decl":{"start":{"line":190,"column":30},"end":{"line":190,"column":31}},"loc":{"start":{"line":190,"column":56},"end":{"line":207,"column":3}},"line":190}},"branchMap":{"0":{"loc":{"start":{"line":10,"column":29},"end":{"line":10,"column":44}},"type":"binary-expr","locations":[{"start":{"line":10,"column":29},"end":{"line":10,"column":38}},{"start":{"line":10,"column":42},"end":{"line":10,"column":44}}],"line":10},"1":{"loc":{"start":{"line":22,"column":4},"end":{"line":24,"column":5}},"type":"if","locations":[{"start":{"line":22,"column":4},"end":{"line":24,"column":5}},{"start":{"line":22,"column":4},"end":{"line":24,"column":5}}],"line":22},"2":{"loc":{"start":{"line":88,"column":20},"end":{"line":88,"column":41}},"type":"binary-expr","locations":[{"start":{"line":88,"column":20},"end":{"line":88,"column":33}},{"start":{"line":88,"column":37},"end":{"line":88,"column":41}}],"line":88},"3":{"loc":{"start":{"line":95,"column":20},"end":{"line":95,"column":41}},"type":"binary-expr","locations":[{"start":{"line":95,"column":20},"end":{"line":95,"column":33}},{"start":{"line":95,"column":37},"end":{"line":95,"column":41}}],"line":95},"4":{"loc":{"start":{"line":120,"column":20},"end":{"line":120,"column":41}},"type":"binary-expr","locations":[{"start":{"line":120,"column":20},"end":{"line":120,"column":33}},{"start":{"line":120,"column":37},"end":{"line":120,"column":41}}],"line":120},"5":{"loc":{"start":{"line":138,"column":21},"end":{"line":140,"column":12}},"type":"cond-expr","locations":[{"start":{"line":139,"column":8},"end":{"line":139,"column":50}},{"start":{"line":140,"column":8},"end":{"line":140,"column":12}}],"line":138},"6":{"loc":{"start":{"line":176,"column":4},"end":{"line":178,"column":5}},"type":"if","locations":[{"start":{"line":176,"column":4},"end":{"line":178,"column":5}},{"start":{"line":176,"column":4},"end":{"line":178,"column":5}}],"line":176},"7":{"loc":{"start":{"line":184,"column":20},"end":{"line":184,"column":41}},"type":"binary-expr","locations":[{"start":{"line":184,"column":20},"end":{"line":184,"column":33}},{"start":{"line":184,"column":37},"end":{"line":184,"column":41}}],"line":184},"8":{"loc":{"start":{"line":196,"column":4},"end":{"line":198,"column":5}},"type":"if","locations":[{"start":{"line":196,"column":4},"end":{"line":198,"column":5}},{"start":{"line":196,"column":4},"end":{"line":198,"column":5}}],"line":196},"9":{"loc":{"start":{"line":203,"column":20},"end":{"line":203,"column":41}},"type":"binary-expr","locations":[{"start":{"line":203,"column":20},"end":{"line":203,"column":33}},{"start":{"line":203,"column":37},"end":{"line":203,"column":41}}],"line":203}},"s":{"0":0,"1":0,"2":0,"3":0,"4":0,"5":0,"6":0,"7":0,"8":0,"9":0,"10":0,"11":0,"12":0,"13":0,"14":0,"15":0,"16":0,"17":0,"18":0,"19":0,"20":0,"21":0,"22":0,"23":0,"24":0,"25":0,"26":0,"27":0,"28":0,"29":0,"30":0,"31":0,"32":0,"33":0,"34":0,"35":0,"36":0,"37":0,"38":0,"39":0,"40":0,"41":0,"42":0,"43":0,"44":0,"45":0,"46":0,"47":0,"48":0,"49":0,"50":0,"51":0,"52":0,"53":0,"54":0,"55":0,"56":0,"57":0,"58":0,"59":0,"60":0,"61":0,"62":0,"63":0},"f":{"0":0,"1":0,"2":0,"3":0,"4":0,"5":0,"6":0,"7":0,"8":0,"9":0,"10":0},"b":{"0":[0,0],"1":[0,0],"2":[0,0],"3":[0,0],"4":[0,0],"5":[0,0],"6":[0,0],"7":[0,0],"8":[0,0],"9":[0,0]},"all":true},"/Users/indofund/dwiky/stikes/SIK-rest-api/src/controllers/detail-free-payment-transaction.js":{"path":"/Users/indofund/dwiky/stikes/SIK-rest-api/src/controllers/detail-free-payment-transaction.js","statementMap":{"0":{"start":{"line":1,"column":16},"end":{"line":1,"column":37}},"1":{"start":{"line":2,"column":27},"end":{"line":2,"column":66}},"2":{"start":{"line":3,"column":31},"end":{"line":3,"column":83}},"3":{"start":{"line":4,"column":25},"end":{"line":4,"column":58}},"4":{"start":{"line":5,"column":21},"end":{"line":5,"column":47}},"5":{"start":{"line":6,"column":0},"end":{"line":77,"column":2}},"6":{"start":{"line":8,"column":19},"end":{"line":8,"column":29}},"7":{"start":{"line":9,"column":17},"end":{"line":9,"column":62}},"8":{"start":{"line":10,"column":19},"end":{"line":10,"column":75}},"9":{"start":{"line":11,"column":4},"end":{"line":11,"column":22}},"10":{"start":{"line":12,"column":4},"end":{"line":12,"column":28}},"11":{"start":{"line":13,"column":22},"end":{"line":22,"column":5}},"12":{"start":{"line":23,"column":4},"end":{"line":28,"column":6}},"13":{"start":{"line":31,"column":19},"end":{"line":31,"column":29}},"14":{"start":{"line":32,"column":22},"end":{"line":32,"column":25}},"15":{"start":{"line":33,"column":59},"end":{"line":33,"column":67}},"16":{"start":{"line":35,"column":4},"end":{"line":35,"column":26}},"17":{"start":{"line":36,"column":4},"end":{"line":36,"column":61}},"18":{"start":{"line":39,"column":6},"end":{"line":41,"column":7}},"19":{"start":{"line":42,"column":18},"end":{"line":46,"column":5}},"20":{"start":{"line":44,"column":8},"end":{"line":44,"column":76}},"21":{"start":{"line":47,"column":32},"end":{"line":49,"column":5}},"22":{"start":{"line":51,"column":28},"end":{"line":60,"column":5}},"23":{"start":{"line":61,"column":24},"end":{"line":61,"column":75}},"24":{"start":{"line":62,"column":19},"end":{"line":65,"column":5}},"25":{"start":{"line":66,"column":23},"end":{"line":69,"column":5}},"26":{"start":{"line":70,"column":4},"end":{"line":75,"column":6}}},"fnMap":{"0":{"name":"(anonymous_0)","decl":{"start":{"line":7,"column":42},"end":{"line":7,"column":43}},"loc":{"start":{"line":7,"column":68},"end":{"line":29,"column":3}},"line":7},"1":{"name":"(anonymous_1)","decl":{"start":{"line":30,"column":42},"end":{"line":30,"column":43}},"loc":{"start":{"line":30,"column":68},"end":{"line":76,"column":3}},"line":30},"2":{"name":"(anonymous_2)","decl":{"start":{"line":43,"column":6},"end":{"line":43,"column":7}},"loc":{"start":{"line":44,"column":8},"end":{"line":44,"column":76}},"line":44}},"branchMap":{"0":{"loc":{"start":{"line":14,"column":24},"end":{"line":14,"column":70}},"type":"binary-expr","locations":[{"start":{"line":14,"column":24},"end":{"line":14,"column":65}},{"start":{"line":14,"column":69},"end":{"line":14,"column":70}}],"line":14},"1":{"loc":{"start":{"line":54,"column":8},"end":{"line":59,"column":13}},"type":"cond-expr","locations":[{"start":{"line":58,"column":12},"end":{"line":58,"column":13}},{"start":{"line":59,"column":12},"end":{"line":59,"column":13}}],"line":54},"2":{"loc":{"start":{"line":68,"column":20},"end":{"line":68,"column":41}},"type":"binary-expr","locations":[{"start":{"line":68,"column":20},"end":{"line":68,"column":33}},{"start":{"line":68,"column":37},"end":{"line":68,"column":41}}],"line":68}},"s":{"0":0,"1":0,"2":0,"3":0,"4":0,"5":0,"6":0,"7":0,"8":0,"9":0,"10":0,"11":0,"12":0,"13":0,"14":0,"15":0,"16":0,"17":0,"18":0,"19":0,"20":0,"21":0,"22":0,"23":0,"24":0,"25":0,"26":0},"f":{"0":0,"1":0,"2":0},"b":{"0":[0,0],"1":[0,0],"2":[0,0]},"all":true},"/Users/indofund/dwiky/stikes/SIK-rest-api/src/controllers/dokumen.js":{"path":"/Users/indofund/dwiky/stikes/SIK-rest-api/src/controllers/dokumen.js","statementMap":{"0":{"start":{"line":1,"column":16},"end":{"line":1,"column":37}},"1":{"start":{"line":2,"column":15},"end":{"line":2,"column":32}},"2":{"start":{"line":15,"column":4},"end":{"line":15,"column":44}},"3":{"start":{"line":16,"column":27},"end":{"line":16,"column":66}},"4":{"start":{"line":17,"column":28},"end":{"line":17,"column":64}},"5":{"start":{"line":18,"column":25},"end":{"line":18,"column":58}},"6":{"start":{"line":19,"column":31},"end":{"line":19,"column":83}},"7":{"start":{"line":20,"column":32},"end":{"line":20,"column":72}},"8":{"start":{"line":21,"column":20},"end":{"line":21,"column":47}},"9":{"start":{"line":22,"column":19},"end":{"line":22,"column":45}},"10":{"start":{"line":23,"column":25},"end":{"line":23,"column":58}},"11":{"start":{"line":24,"column":21},"end":{"line":24,"column":47}},"12":{"start":{"line":25,"column":18},"end":{"line":25,"column":43}},"13":{"start":{"line":26,"column":20},"end":{"line":26,"column":53}},"14":{"start":{"line":27,"column":19},"end":{"line":27,"column":45}},"15":{"start":{"line":28,"column":25},"end":{"line":28,"column":58}},"16":{"start":{"line":29,"column":25},"end":{"line":29,"column":58}},"17":{"start":{"line":30,"column":37},"end":{"line":30,"column":64}},"18":{"start":{"line":31,"column":20},"end":{"line":31,"column":48}},"19":{"start":{"line":32,"column":0},"end":{"line":32,"column":20}},"20":{"start":{"line":34,"column":0},"end":{"line":2204,"column":2}},"21":{"start":{"line":36,"column":19},"end":{"line":36,"column":29}},"22":{"start":{"line":37,"column":22},"end":{"line":37,"column":57}},"23":{"start":{"line":38,"column":26},"end":{"line":40,"column":5}},"24":{"start":{"line":41,"column":30},"end":{"line":41,"column":72}},"25":{"start":{"line":42,"column":31},"end":{"line":44,"column":8}},"26":{"start":{"line":43,"column":16},"end":{"line":43,"column":39}},"27":{"start":{"line":45,"column":23},"end":{"line":45,"column":73}},"28":{"start":{"line":46,"column":23},"end":{"line":57,"column":5}},"29":{"start":{"line":47,"column":40},"end":{"line":47,"column":69}},"30":{"start":{"line":49,"column":26},"end":{"line":49,"column":55}},"31":{"start":{"line":50,"column":24},"end":{"line":56,"column":9}},"32":{"start":{"line":58,"column":27},"end":{"line":62,"column":5}},"33":{"start":{"line":60,"column":8},"end":{"line":61,"column":56}},"34":{"start":{"line":63,"column":28},"end":{"line":67,"column":5}},"35":{"start":{"line":65,"column":8},"end":{"line":66,"column":55}},"36":{"start":{"line":68,"column":4},"end":{"line":68,"column":33}},"37":{"start":{"line":69,"column":25},"end":{"line":88,"column":5}},"38":{"start":{"line":75,"column":12},"end":{"line":75,"column":70}},"39":{"start":{"line":83,"column":12},"end":{"line":83,"column":70}},"40":{"start":{"line":90,"column":19},"end":{"line":93,"column":5}},"41":{"start":{"line":94,"column":4},"end":{"line":94,"column":24}},"42":{"start":{"line":95,"column":4},"end":{"line":100,"column":6}},"43":{"start":{"line":103,"column":19},"end":{"line":103,"column":29}},"44":{"start":{"line":104,"column":17},"end":{"line":104,"column":59}},"45":{"start":{"line":105,"column":19},"end":{"line":108,"column":5}},"46":{"start":{"line":109,"column":4},"end":{"line":109,"column":24}},"47":{"start":{"line":110,"column":4},"end":{"line":110,"column":77}},"48":{"start":{"line":113,"column":19},"end":{"line":113,"column":29}},"49":{"start":{"line":114,"column":17},"end":{"line":114,"column":57}},"50":{"start":{"line":115,"column":4},"end":{"line":115,"column":22}},"51":{"start":{"line":116,"column":19},"end":{"line":119,"column":5}},"52":{"start":{"line":120,"column":4},"end":{"line":120,"column":24}},"53":{"start":{"line":121,"column":4},"end":{"line":121,"column":77}},"54":{"start":{"line":124,"column":23},"end":{"line":127,"column":5}},"55":{"start":{"line":128,"column":4},"end":{"line":128,"column":28}},"56":{"start":{"line":129,"column":26},"end":{"line":129,"column":55}},"57":{"start":{"line":130,"column":15},"end":{"line":130,"column":28}},"58":{"start":{"line":131,"column":4},"end":{"line":131,"column":20}},"59":{"start":{"line":132,"column":22},"end":{"line":132,"column":57}},"60":{"start":{"line":133,"column":26},"end":{"line":135,"column":5}},"61":{"start":{"line":136,"column":30},"end":{"line":136,"column":72}},"62":{"start":{"line":137,"column":31},"end":{"line":139,"column":8}},"63":{"start":{"line":138,"column":16},"end":{"line":138,"column":39}},"64":{"start":{"line":140,"column":23},"end":{"line":140,"column":73}},"65":{"start":{"line":141,"column":23},"end":{"line":152,"column":5}},"66":{"start":{"line":142,"column":40},"end":{"line":142,"column":69}},"67":{"start":{"line":144,"column":26},"end":{"line":144,"column":55}},"68":{"start":{"line":145,"column":24},"end":{"line":151,"column":9}},"69":{"start":{"line":153,"column":27},"end":{"line":157,"column":5}},"70":{"start":{"line":155,"column":8},"end":{"line":156,"column":56}},"71":{"start":{"line":158,"column":28},"end":{"line":162,"column":5}},"72":{"start":{"line":160,"column":8},"end":{"line":161,"column":55}},"73":{"start":{"line":163,"column":25},"end":{"line":182,"column":5}},"74":{"start":{"line":169,"column":12},"end":{"line":169,"column":70}},"75":{"start":{"line":177,"column":12},"end":{"line":177,"column":70}},"76":{"start":{"line":184,"column":19},"end":{"line":187,"column":5}},"77":{"start":{"line":188,"column":4},"end":{"line":188,"column":24}},"78":{"start":{"line":189,"column":4},"end":{"line":194,"column":6}},"79":{"start":{"line":198,"column":67},"end":{"line":198,"column":75}},"80":{"start":{"line":200,"column":22},"end":{"line":200,"column":65}},"81":{"start":{"line":203,"column":6},"end":{"line":203,"column":78}},"82":{"start":{"line":205,"column":6},"end":{"line":208,"column":7}},"83":{"start":{"line":209,"column":4},"end":{"line":209,"column":35}},"84":{"start":{"line":212,"column":32},"end":{"line":215,"column":7}},"85":{"start":{"line":212,"column":65},"end":{"line":215,"column":5}},"86":{"start":{"line":217,"column":22},"end":{"line":217,"column":70}},"87":{"start":{"line":227,"column":25},"end":{"line":243,"column":5}},"88":{"start":{"line":234,"column":10},"end":{"line":240,"column":11}},"89":{"start":{"line":245,"column":19},"end":{"line":248,"column":5}},"90":{"start":{"line":249,"column":4},"end":{"line":249,"column":24}},"91":{"start":{"line":250,"column":4},"end":{"line":255,"column":6}},"92":{"start":{"line":258,"column":23},"end":{"line":261,"column":5}},"93":{"start":{"line":262,"column":26},"end":{"line":262,"column":55}},"94":{"start":{"line":264,"column":6},"end":{"line":264,"column":31}},"95":{"start":{"line":265,"column":4},"end":{"line":265,"column":31}},"96":{"start":{"line":266,"column":22},"end":{"line":266,"column":65}},"97":{"start":{"line":269,"column":6},"end":{"line":269,"column":78}},"98":{"start":{"line":271,"column":6},"end":{"line":274,"column":7}},"99":{"start":{"line":276,"column":32},"end":{"line":279,"column":7}},"100":{"start":{"line":276,"column":65},"end":{"line":279,"column":5}},"101":{"start":{"line":281,"column":22},"end":{"line":281,"column":70}},"102":{"start":{"line":291,"column":25},"end":{"line":307,"column":5}},"103":{"start":{"line":298,"column":10},"end":{"line":304,"column":11}},"104":{"start":{"line":309,"column":19},"end":{"line":312,"column":5}},"105":{"start":{"line":313,"column":4},"end":{"line":313,"column":24}},"106":{"start":{"line":314,"column":4},"end":{"line":319,"column":6}},"107":{"start":{"line":322,"column":19},"end":{"line":322,"column":29}},"108":{"start":{"line":323,"column":41},"end":{"line":323,"column":50}},"109":{"start":{"line":324,"column":22},"end":{"line":324,"column":57}},"110":{"start":{"line":325,"column":26},"end":{"line":329,"column":5}},"111":{"start":{"line":330,"column":23},"end":{"line":334,"column":5}},"112":{"start":{"line":337,"column":6},"end":{"line":337,"column":66}},"113":{"start":{"line":338,"column":28},"end":{"line":340,"column":5}},"114":{"start":{"line":341,"column":24},"end":{"line":364,"column":5}},"115":{"start":{"line":344,"column":10},"end":{"line":346,"column":11}},"116":{"start":{"line":345,"column":28},"end":{"line":345,"column":79}},"117":{"start":{"line":348,"column":24},"end":{"line":351,"column":9}},"118":{"start":{"line":355,"column":10},"end":{"line":357,"column":11}},"119":{"start":{"line":356,"column":28},"end":{"line":356,"column":79}},"120":{"start":{"line":359,"column":24},"end":{"line":362,"column":9}},"121":{"start":{"line":365,"column":4},"end":{"line":365,"column":29}},"122":{"start":{"line":366,"column":4},"end":{"line":366,"column":28}},"123":{"start":{"line":367,"column":4},"end":{"line":367,"column":31}},"124":{"start":{"line":368,"column":22},"end":{"line":381,"column":5}},"125":{"start":{"line":374,"column":10},"end":{"line":377,"column":48}},"126":{"start":{"line":412,"column":19},"end":{"line":415,"column":5}},"127":{"start":{"line":416,"column":4},"end":{"line":421,"column":6}},"128":{"start":{"line":426,"column":59},"end":{"line":426,"column":68}},"129":{"start":{"line":427,"column":23},"end":{"line":427,"column":68}},"130":{"start":{"line":428,"column":25},"end":{"line":428,"column":77}},"131":{"start":{"line":429,"column":23},"end":{"line":429,"column":59}},"132":{"start":{"line":430,"column":22},"end":{"line":430,"column":26}},"133":{"start":{"line":431,"column":4},"end":{"line":431,"column":79}},"134":{"start":{"line":431,"column":25},"end":{"line":431,"column":79}},"135":{"start":{"line":432,"column":24},"end":{"line":432,"column":26}},"136":{"start":{"line":433,"column":4},"end":{"line":433,"column":26}},"137":{"start":{"line":435,"column":4},"end":{"line":436,"column":62}},"138":{"start":{"line":437,"column":4},"end":{"line":438,"column":59}},"139":{"start":{"line":439,"column":26},"end":{"line":439,"column":60}},"140":{"start":{"line":441,"column":24},"end":{"line":441,"column":69}},"141":{"start":{"line":442,"column":4},"end":{"line":442,"column":29}},"142":{"start":{"line":444,"column":6},"end":{"line":449,"column":7}},"143":{"start":{"line":451,"column":6},"end":{"line":456,"column":7}},"144":{"start":{"line":462,"column":22},"end":{"line":540,"column":5}},"145":{"start":{"line":466,"column":46},"end":{"line":539,"column":7}},"146":{"start":{"line":471,"column":24},"end":{"line":471,"column":61}},"147":{"start":{"line":476,"column":30},"end":{"line":476,"column":67}},"148":{"start":{"line":479,"column":16},"end":{"line":479,"column":74}},"149":{"start":{"line":485,"column":24},"end":{"line":485,"column":69}},"150":{"start":{"line":490,"column":28},"end":{"line":490,"column":65}},"151":{"start":{"line":493,"column":14},"end":{"line":493,"column":72}},"152":{"start":{"line":500,"column":24},"end":{"line":500,"column":61}},"153":{"start":{"line":507,"column":16},"end":{"line":508,"column":45}},"154":{"start":{"line":512,"column":16},"end":{"line":512,"column":74}},"155":{"start":{"line":518,"column":24},"end":{"line":518,"column":61}},"156":{"start":{"line":524,"column":24},"end":{"line":524,"column":61}},"157":{"start":{"line":531,"column":16},"end":{"line":532,"column":45}},"158":{"start":{"line":536,"column":16},"end":{"line":536,"column":74}},"159":{"start":{"line":541,"column":19},"end":{"line":544,"column":5}},"160":{"start":{"line":545,"column":4},"end":{"line":550,"column":6}},"161":{"start":{"line":560,"column":8},"end":{"line":560,"column":17}},"162":{"start":{"line":561,"column":24},"end":{"line":561,"column":26}},"163":{"start":{"line":563,"column":23},"end":{"line":563,"column":68}},"164":{"start":{"line":564,"column":25},"end":{"line":564,"column":77}},"165":{"start":{"line":565,"column":23},"end":{"line":565,"column":59}},"166":{"start":{"line":566,"column":22},"end":{"line":566,"column":26}},"167":{"start":{"line":567,"column":4},"end":{"line":567,"column":79}},"168":{"start":{"line":567,"column":25},"end":{"line":567,"column":79}},"169":{"start":{"line":568,"column":4},"end":{"line":569,"column":62}},"170":{"start":{"line":570,"column":4},"end":{"line":571,"column":59}},"171":{"start":{"line":575,"column":6},"end":{"line":581,"column":7}},"172":{"start":{"line":582,"column":4},"end":{"line":582,"column":31}},"173":{"start":{"line":584,"column":6},"end":{"line":590,"column":7}},"174":{"start":{"line":591,"column":18},"end":{"line":591,"column":82}},"175":{"start":{"line":592,"column":30},"end":{"line":592,"column":77}},"176":{"start":{"line":594,"column":29},"end":{"line":628,"column":5}},"177":{"start":{"line":601,"column":53},"end":{"line":627,"column":7}},"178":{"start":{"line":605,"column":29},"end":{"line":605,"column":70}},"179":{"start":{"line":608,"column":26},"end":{"line":608,"column":64}},"180":{"start":{"line":613,"column":34},"end":{"line":613,"column":72}},"181":{"start":{"line":616,"column":16},"end":{"line":617,"column":72}},"182":{"start":{"line":621,"column":34},"end":{"line":621,"column":72}},"183":{"start":{"line":624,"column":16},"end":{"line":624,"column":76}},"184":{"start":{"line":629,"column":19},"end":{"line":632,"column":5}},"185":{"start":{"line":633,"column":4},"end":{"line":638,"column":6}},"186":{"start":{"line":641,"column":64},"end":{"line":641,"column":73}},"187":{"start":{"line":645,"column":6},"end":{"line":652,"column":7}},"188":{"start":{"line":653,"column":27},"end":{"line":660,"column":5}},"189":{"start":{"line":661,"column":29},"end":{"line":667,"column":5}},"190":{"start":{"line":668,"column":28},"end":{"line":674,"column":5}},"191":{"start":{"line":676,"column":27},"end":{"line":691,"column":5}},"192":{"start":{"line":678,"column":8},"end":{"line":682,"column":42}},"193":{"start":{"line":683,"column":8},"end":{"line":687,"column":42}},"194":{"start":{"line":688,"column":8},"end":{"line":688,"column":19}},"195":{"start":{"line":694,"column":6},"end":{"line":696,"column":41}},"196":{"start":{"line":697,"column":34},"end":{"line":699,"column":5}},"197":{"start":{"line":700,"column":37},"end":{"line":711,"column":5}},"198":{"start":{"line":703,"column":10},"end":{"line":703,"column":69}},"199":{"start":{"line":708,"column":10},"end":{"line":708,"column":70}},"200":{"start":{"line":712,"column":31},"end":{"line":725,"column":5}},"201":{"start":{"line":713,"column":42},"end":{"line":716,"column":7}},"202":{"start":{"line":717,"column":39},"end":{"line":720,"column":7}},"203":{"start":{"line":721,"column":54},"end":{"line":724,"column":7}},"204":{"start":{"line":726,"column":30},"end":{"line":730,"column":5}},"205":{"start":{"line":728,"column":8},"end":{"line":728,"column":59}},"206":{"start":{"line":731,"column":31},"end":{"line":735,"column":5}},"207":{"start":{"line":733,"column":8},"end":{"line":733,"column":66}},"208":{"start":{"line":737,"column":4},"end":{"line":737,"column":35}},"209":{"start":{"line":739,"c
[...]
:30},"end":{"line":4,"column":68}},"3":{"start":{"line":6,"column":0},"end":{"line":9,"column":2}},"4":{"start":{"line":11,"column":0},"end":{"line":11,"column":23}}},"fnMap":{},"branchMap":{},"s":{"0":0,"1":0,"2":0,"3":0,"4":0},"f":{},"b":{},"all":true},"/Users/indofund/dwiky/stikes/SIK-rest-api/src/routes/dashboard.js":{"path":"/Users/indofund/dwiky/stikes/SIK-rest-api/src/routes/dashboard.js","statementMap":{"0":{"start":{"line":1,"column":16},"end":{"line":1,"column":34}},"1":{"start":{"line":3,"column":14},"end":{"line":3,"column":30}},"2":{"start":{"line":4,"column":28},"end":{"line":4,"column":63}},"3":{"start":{"line":6,"column":0},"end":{"line":6,"column":53}},"4":{"start":{"line":13,"column":0},"end":{"line":13,"column":23}}},"fnMap":{},"branchMap":{},"s":{"0":0,"1":0,"2":0,"3":0,"4":0},"f":{},"b":{},"all":true},"/Users/indofund/dwiky/stikes/SIK-rest-api/src/routes/db-backup.js":{"path":"/Users/indofund/dwiky/stikes/SIK-rest-api/src/routes/db-backup.js","statementMap":{"0":{"start":{"line":1,"column":16},"end":{"line":1,"column":34}},"1":{"start":{"line":3,"column":14},"end":{"line":3,"column":30}},"2":{"start":{"line":4,"column":27},"end":{"line":4,"column":62}},"3":{"start":{"line":6,"column":0},"end":{"line":7,"column":48}},"4":{"start":{"line":14,"column":0},"end":{"line":14,"column":23}}},"fnMap":{},"branchMap":{},"s":{"0":0,"1":0,"2":0,"3":0,"4":0},"f":{},"b":{},"all":true},"/Users/indofund/dwiky/stikes/SIK-rest-api/src/routes/debit.js":{"path":"/Users/indofund/dwiky/stikes/SIK-rest-api/src/routes/debit.js","statementMap":{"0":{"start":{"line":1,"column":16},"end":{"line":1,"column":34}},"1":{"start":{"line":3,"column":14},"end":{"line":3,"column":30}},"2":{"start":{"line":4,"column":23},"end":{"line":4,"column":54}},"3":{"start":{"line":5,"column":27},"end":{"line":5,"column":66}},"4":{"start":{"line":7,"column":0},"end":{"line":18,"column":76}},"5":{"start":{"line":20,"column":0},"end":{"line":20,"column":23}}},"fnMap":{},"branchMap":{},"s":{"0":0,"1":0,"2":0,"3":0,"4":0,"5":0},"f":{},"b":{},"all":true},"/Users/indofund/dwiky/stikes/SIK-rest-api/src/routes/detail-free-payment-transaction.js":{"path":"/Users/indofund/dwiky/stikes/SIK-rest-api/src/routes/detail-free-payment-transaction.js","statementMap":{"0":{"start":{"line":1,"column":16},"end":{"line":1,"column":34}},"1":{"start":{"line":3,"column":14},"end":{"line":3,"column":30}},"2":{"start":{"line":4,"column":47},"end":{"line":4,"column":104}},"3":{"start":{"line":5,"column":27},"end":{"line":5,"column":66}},"4":{"start":{"line":7,"column":0},"end":{"line":14,"column":2}},"5":{"start":{"line":16,"column":0},"end":{"line":16,"column":23}}},"fnMap":{},"branchMap":{},"s":{"0":0,"1":0,"2":0,"3":0,"4":0,"5":0},"f":{},"b":{},"all":true},"/Users/indofund/dwiky/stikes/SIK-rest-api/src/routes/dokumen.js":{"path":"/Users/indofund/dwiky/stikes/SIK-rest-api/src/routes/dokumen.js","statementMap":{"0":{"start":{"line":1,"column":16},"end":{"line":1,"column":34}},"1":{"start":{"line":3,"column":14},"end":{"line":3,"column":30}},"2":{"start":{"line":4,"column":26},"end":{"line":4,"column":59}},"3":{"start":{"line":5,"column":24},"end":{"line":5,"column":55}},"4":{"start":{"line":7,"column":0},"end":{"line":58,"column":3}},"5":{"start":{"line":60,"column":0},"end":{"line":60,"column":23}}},"fnMap":{},"branchMap":{},"s":{"0":0,"1":0,"2":0,"3":0,"4":0,"5":0},"f":{},"b":{},"all":true},"/Users/indofund/dwiky/stikes/SIK-rest-api/src/routes/index.js":{"path":"/Users/indofund/dwiky/stikes/SIK-rest-api/src/routes/index.js","statementMap":{"0":{"start":{"line":1,"column":16},"end":{"line":1,"column":34}},"1":{"start":{"line":2,"column":19},"end":{"line":2,"column":36}},"2":{"start":{"line":3,"column":20},"end":{"line":3,"column":46}},"3":{"start":{"line":4,"column":20},"end":{"line":4,"column":38}},"4":{"start":{"line":5,"column":26},"end":{"line":5,"column":51}},"5":{"start":{"line":6,"column":26},"end":{"line":6,"column":51}},"6":{"start":{"line":7,"column":20},"end":{"line":7,"column":38}},"7":{"start":{"line":8,"column":21},"end":{"line":8,"column":40}},"8":{"start":{"line":9,"column":26},"end":{"line":9,"column":51}},"9":{"start":{"line":10,"column":21},"end":{"line":10,"column":41}},"10":{"start":{"line":11,"column":26},"end":{"line":11,"column":51}},"11":{"start":{"line":12,"column":22},"end":{"line":12,"column":42}},"12":{"start":{"line":13,"column":26},"end":{"line":13,"column":51}},"13":{"start":{"line":14,"column":33},"end":{"line":14,"column":65}},"14":{"start":{"line":15,"column":23},"end":{"line":15,"column":44}},"15":{"start":{"line":16,"column":36},"end":{"line":16,"column":80}},"16":{"start":{"line":17,"column":28},"end":{"line":17,"column":50}},"17":{"start":{"line":18,"column":22},"end":{"line":18,"column":42}},"18":{"start":{"line":19,"column":19},"end":{"line":19,"column":36}},"19":{"start":{"line":20,"column":26},"end":{"line":20,"column":51}},"20":{"start":{"line":21,"column":21},"end":{"line":21,"column":40}},"21":{"start":{"line":22,"column":20},"end":{"line":22,"column":38}},"22":{"start":{"line":23,"column":21},"end":{"line":23,"column":40}},"23":{"start":{"line":24,"column":23},"end":{"line":24,"column":45}},"24":{"start":{"line":25,"column":19},"end":{"line":25,"column":36}},"25":{"start":{"line":27,"column":15},"end":{"line":27,"column":31}},"26":{"start":{"line":29,"column":0},"end":{"line":29,"column":32}},"27":{"start":{"line":30,"column":0},"end":{"line":30,"column":42}},"28":{"start":{"line":31,"column":0},"end":{"line":31,"column":34}},"29":{"start":{"line":32,"column":0},"end":{"line":32,"column":47}},"30":{"start":{"line":33,"column":0},"end":{"line":33,"column":47}},"31":{"start":{"line":34,"column":0},"end":{"line":34,"column":34}},"32":{"start":{"line":35,"column":0},"end":{"line":35,"column":36}},"33":{"start":{"line":36,"column":0},"end":{"line":36,"column":47}},"34":{"start":{"line":37,"column":0},"end":{"line":37,"column":37}},"35":{"start":{"line":38,"column":0},"end":{"line":38,"column":47}},"36":{"start":{"line":39,"column":0},"end":{"line":39,"column":38}},"37":{"start":{"line":40,"column":0},"end":{"line":40,"column":47}},"38":{"start":{"line":41,"column":0},"end":{"line":41,"column":61}},"39":{"start":{"line":42,"column":0},"end":{"line":42,"column":40}},"40":{"start":{"line":43,"column":0},"end":{"line":43,"column":69}},"41":{"start":{"line":44,"column":0},"end":{"line":44,"column":46}},"42":{"start":{"line":45,"column":0},"end":{"line":45,"column":38}},"43":{"start":{"line":46,"column":0},"end":{"line":46,"column":32}},"44":{"start":{"line":47,"column":0},"end":{"line":47,"column":47}},"45":{"start":{"line":48,"column":0},"end":{"line":48,"column":36}},"46":{"start":{"line":49,"column":0},"end":{"line":49,"column":34}},"47":{"start":{"line":50,"column":0},"end":{"line":50,"column":37}},"48":{"start":{"line":51,"column":0},"end":{"line":51,"column":41}},"49":{"start":{"line":52,"column":0},"end":{"line":52,"column":32}},"50":{"start":{"line":54,"column":0},"end":{"line":54,"column":24}}},"fnMap":{},"branchMap":{},"s":{"0":0,"1":0,"2":0,"3":0,"4":0,"5":0,"6":0,"7":0,"8":0,"9":0,"10":0,"11":0,"12":0,"13":0,"14":0,"15":0,"16":0,"17":0,"18":0,"19":0,"20":0,"21":0,"22":0,"23":0,"24":0,"25":0,"26":0,"27":0,"28":0,"29":0,"30":0,"31":0,"32":0,"33":0,"34":0,"35":0,"36":0,"37":0,"38":0,"39":0,"40":0,"41":0,"42":0,"43":0,"44":0,"45":0,"46":0,"47":0,"48":0,"49":0,"50":0},"f":{},"b":{},"all":true},"/Users/indofund/dwiky/stikes/SIK-rest-api/src/routes/kelas.js":{"path":"/Users/indofund/dwiky/stikes/SIK-rest-api/src/routes/kelas.js","statementMap":{"0":{"start":{"line":1,"column":16},"end":{"line":1,"column":34}},"1":{"start":{"line":3,"column":14},"end":{"line":3,"column":30}},"2":{"start":{"line":4,"column":24},"end":{"line":4,"column":55}},"3":{"start":{"line":6,"column":0},"end":{"line":12,"column":47}},"4":{"start":{"line":14,"column":0},"end":{"line":14,"column":23}}},"fnMap":{},"branchMap":{},"s":{"0":0,"1":0,"2":0,"3":0,"4":0},"f":{},"b":{},"all":true},"/Users/indofund/dwiky/stikes/SIK-rest-api/src/routes/kredit.js":{"path":"/Users/indofund/dwiky/stikes/SIK-rest-api/src/routes/kredit.js","statementMap":{"0":{"start":{"line":1,"column":16},"end":{"line":1,"column":34}},"1":{"start":{"line":3,"column":14},"end":{"line":3,"column":30}},"2":{"start":{"line":4,"column":25},"end":{"line":4,"column":57}},"3":{"start":{"line":5,"column":27},"end":{"line":5,"column":66}},"4":{"start":{"line":7,"column":0},"end":{"line":22,"column":79}},"5":{"start":{"line":24,"column":0},"end":{"line":24,"column":23}}},"fnMap":{},"branchMap":{},"s":{"0":0,"1":0,"2":0,"3":0,"4":0,"5":0},"f":{},"b":{},"all":true},"/Users/indofund/dwiky/stikes/SIK-rest-api/src/routes/payment-rate.js":{"path":"/Users/indofund/dwiky/stikes/SIK-rest-api/src/routes/payment-rate.js","statementMap":{"0":{"start":{"line":1,"column":16},"end":{"line":1,"column":34}},"1":{"start":{"line":3,"column":14},"end":{"line":3,"column":30}},"2":{"start":{"line":4,"column":30},"end":{"line":4,"column":68}},"3":{"start":{"line":7,"column":0},"end":{"line":22,"column":59}},"4":{"start":{"line":24,"column":0},"end":{"line":24,"column":23}}},"fnMap":{},"branchMap":{},"s":{"0":0,"1":0,"2":0,"3":0,"4":0},"f":{},"b":{},"all":true},"/Users/indofund/dwiky/stikes/SIK-rest-api/src/routes/payment-transaction.js":{"path":"/Users/indofund/dwiky/stikes/SIK-rest-api/src/routes/payment-transaction.js","statementMap":{"0":{"start":{"line":1,"column":16},"end":{"line":1,"column":34}},"1":{"start":{"line":3,"column":14},"end":{"line":3,"column":30}},"2":{"start":{"line":4,"column":37},"end":{"line":4,"column":82}},"3":{"start":{"line":5,"column":27},"end":{"line":5,"column":66}},"4":{"start":{"line":7,"column":0},"end":{"line":54,"column":4}},"5":{"start":{"line":62,"column":0},"end":{"line":62,"column":23}}},"fnMap":{},"branchMap":{},"s":{"0":0,"1":0,"2":0,"3":0,"4":0,"5":0},"f":{},"b":{},"all":true},"/Users/indofund/dwiky/stikes/SIK-rest-api/src/routes/payment-type.js":{"path":"/Users/indofund/dwiky/stikes/SIK-rest-api/src/routes/payment-type.js","statementMap":{"0":{"start":{"line":1,"column":16},"end":{"line":1,"column":34}},"1":{"start":{"line":3,"column":14},"end":{"line":3,"column":30}},"2":{"start":{"line":4,"column":30},"end":{"line":4,"column":68}},"3":{"start":{"line":5,"column":29},"end":{"line":5,"column":65}},"4":{"start":{"line":7,"column":0},"end":{"line":11,"column":59}},"5":{"start":{"line":13,"column":0},"end":{"line":13,"column":23}}},"fnMap":{},"branchMap":{},"s":{"0":0,"1":0,"2":0,"3":0,"4":0,"5":0},"f":{},"b":{},"all":true},"/Users/indofund/dwiky/stikes/SIK-rest-api/src/routes/piutang.js":{"path":"/Users/indofund/dwiky/stikes/SIK-rest-api/src/routes/piutang.js","statementMap":{"0":{"start":{"line":1,"column":16},"end":{"line":1,"column":34}},"1":{"start":{"line":3,"column":14},"end":{"line":3,"column":30}},"2":{"start":{"line":4,"column":26},"end":{"line":4,"column":59}},"3":{"start":{"line":5,"column":24},"end":{"line":5,"column":55}},"4":{"start":{"line":7,"column":0},"end":{"line":8,"column":45}},"5":{"start":{"line":13,"column":0},"end":{"line":13,"column":23}}},"fnMap":{},"branchMap":{},"s":{"0":0,"1":0,"2":0,"3":0,"4":0,"5":0},"f":{},"b":{},"all":true},"/Users/indofund/dwiky/stikes/SIK-rest-api/src/routes/pos-pay.js":{"path":"/Users/indofund/dwiky/stikes/SIK-rest-api/src/routes/pos-pay.js","statementMap":{"0":{"start":{"line":1,"column":16},"end":{"line":1,"column":34}},"1":{"start":{"line":3,"column":14},"end":{"line":3,"column":30}},"2":{"start":{"line":4,"column":25},"end":{"line":4,"column":58}},"3":{"start":{"line":5,"column":24},"end":{"line":5,"column":55}},"4":{"start":{"line":7,"column":0},"end":{"line":11,"column":49}},"5":{"start":{"line":13,"column":0},"end":{"line":13,"column":23}}},"fnMap":{},"branchMap":{},"s":{"0":0,"1":0,"2":0,"3":0,"4":0,"5":0},"f":{},"b":{},"all":true},"/Users/indofund/dwiky/stikes/SIK-rest-api/src/routes/program-studi.js":{"path":"/Users/indofund/dwiky/stikes/SIK-rest-api/src/routes/program-studi.js","statementMap":{"0":{"start":{"line":1,"column":16},"end":{"line":1,"column":34}},"1":{"start":{"line":3,"column":14},"end":{"line":3,"column":30}},"2":{"start":{"line":4,"column":24},"end":{"line":4,"column":63}},"3":{"start":{"line":6,"column":0},"end":{"line":11,"column":47}},"4":{"start":{"line":13,"column":0},"end":{"line":13,"column":23}}},"fnMap":{},"branchMap":{},"s":{"0":0,"1":0,"2":0,"3":0,"4":0},"f":{},"b":{},"all":true},"/Users/indofund/dwiky/stikes/SIK-rest-api/src/routes/report.js":{"path":"/Users/indofund/dwiky/stikes/SIK-rest-api/src/routes/report.js","statementMap":{"0":{"start":{"line":1,"column":16},"end":{"line":1,"column":34}},"1":{"start":{"line":2,"column":14},"end":{"line":2,"column":30}},"2":{"start":{"line":3,"column":25},"end":{"line":3,"column":57}},"3":{"start":{"line":4,"column":27},"end":{"line":4,"column":66}},"4":{"start":{"line":6,"column":0},"end":{"line":35,"column":4}},"5":{"start":{"line":36,"column":0},"end":{"line":36,"column":23}}},"fnMap":{},"branchMap":{},"s":{"0":0,"1":0,"2":0,"3":0,"4":0,"5":0},"f":{},"b":{},"all":true},"/Users/indofund/dwiky/stikes/SIK-rest-api/src/routes/siswa.js":{"path":"/Users/indofund/dwiky/stikes/SIK-rest-api/src/routes/siswa.js","statementMap":{"0":{"start":{"line":1,"column":16},"end":{"line":1,"column":34}},"1":{"start":{"line":3,"column":14},"end":{"line":3,"column":30}},"2":{"start":{"line":4,"column":24},"end":{"line":4,"column":55}},"3":{"start":{"line":6,"column":0},"end":{"line":14,"column":47}},"4":{"start":{"line":16,"column":0},"end":{"line":16,"column":23}}},"fnMap":{},"branchMap":{},"s":{"0":0,"1":0,"2":0,"3":0,"4":0},"f":{},"b":{},"all":true},"/Users/indofund/dwiky/stikes/SIK-rest-api/src/routes/status-siswa.js":{"path":"/Users/indofund/dwiky/stikes/SIK-rest-api/src/routes/status-siswa.js","statementMap":{"0":{"start":{"line":1,"column":16},"end":{"line":1,"column":34}},"1":{"start":{"line":3,"column":14},"end":{"line":3,"column":30}},"2":{"start":{"line":4,"column":30},"end":{"line":4,"column":68}},"3":{"start":{"line":6,"column":0},"end":{"line":11,"column":54}},"4":{"start":{"line":13,"column":0},"end":{"line":13,"column":23}}},"fnMap":{},"branchMap":{},"s":{"0":0,"1":0,"2":0,"3":0,"4":0},"f":{},"b":{},"all":true},"/Users/indofund/dwiky/stikes/SIK-rest-api/src/routes/tahun-ajaran.js":{"path":"/Users/indofund/dwiky/stikes/SIK-rest-api/src/routes/tahun-ajaran.js","statementMap":{"0":{"start":{"line":1,"column":16},"end":{"line":1,"column":34}},"1":{"start":{"line":3,"column":14},"end":{"line":3,"column":30}},"2":{"start":{"line":4,"column":30},"end":{"line":4,"column":68}},"3":{"start":{"line":6,"column":0},"end":{"line":12,"column":59}},"4":{"start":{"line":14,"column":0},"end":{"line":14,"column":23}}},"fnMap":{},"branchMap":{},"s":{"0":0,"1":0,"2":0,"3":0,"4":0},"f":{},"b":{},"all":true},"/Users/indofund/dwiky/stikes/SIK-rest-api/src/routes/unit.js":{"path":"/Users/indofund/dwiky/stikes/SIK-rest-api/src/routes/unit.js","statementMap":{"0":{"start":{"line":1,"column":16},"end":{"line":1,"column":34}},"1":{"start":{"line":2,"column":27},"end":{"line":2,"column":66}},"2":{"start":{"line":4,"column":14},"end":{"line":4,"column":30}},"3":{"start":{"line":5,"column":23},"end":{"line":5,"column":53}},"4":{"start":{"line":7,"column":0},"end":{"line":7,"column":64}},"5":{"start":{"line":9,"column":0},"end":{"line":9,"column":23}}},"fnMap":{},"branchMap":{},"s":{"0":0,"1":0,"2":0,"3":0,"4":0,"5":0},"f":{},"b":{},"all":true},"/Users/indofund/dwiky/stikes/SIK-rest-api/src/routes/whatsapp.js":{"path":"/Users/indofund/dwiky/stikes/SIK-rest-api/src/routes/whatsapp.js","statementMap":{"0":{"start":{"line":1,"column":16},"end":{"line":1,"column":34}},"1":{"start":{"line":3,"column":14},"end":{"line":3,"column":30}},"2":{"start":{"line":4,"column":27},"end":{"line":4,"column":61}},"3":{"start":{"line":6,"column":0},"end":{"line":6,"column":48}},"4":{"start":{"line":14,"column":0},"end":{"line":14,"column":23}}},"fnMap":{},"branchMap":{},"s":{"0":0,"1":0,"2":0,"3":0,"4":0},"f":{},"b":{},"all":true},"/Users/indofund/dwiky/stikes/SIK-rest-api/src/schema/index.js":{"path":"/Users/indofund/dwiky/stikes/SIK-rest-api/src/schema/index.js","statementMap":{"0":{"start":{"line":1,"column":20},"end":{"line":3,"column":1}}},"fnMap":{},"branchMap":{},"s":{"0":0},"f":{},"b":{},"all":true},"/Users/indofund/dwiky/stikes/SIK-rest-api/src/utils/constant.js":{"path":"/Users/indofund/dwiky/stikes/SIK-rest-api/src/utils/constant.js","statementMap":{"0":{"start":{"line":1,"column":0},"end":{"line":53,"column":2}}},"fnMap":{},"branchMap":{},"s":{"0":0},"f":{},"b":{},"all":true},"/Users/indofund/dwiky/stikes/SIK-rest-api/src/utils/encrypt.js":{"path":"/Users/indofund/dwiky/stikes/SIK-rest-api/src/utils/encrypt.js","statementMap":{"0":{"start":{"line":1,"column":0},"end":{"line":1,"column":18}},"1":{"start":{"line":2,"column":15},"end":{"line":2,"column":32}},"2":{"start":{"line":4,"column":18},"end":{"line":4,"column":31}},"3":{"start":{"line":5,"column":12},"end":{"line":5,"column":38}},"4":{"start":{"line":6,"column":11},"end":{"line":6,"column":33}},"5":{"start":{"line":7,"column":0},"end":{"line":37,"column":2}},"6":{"start":{"line":13,"column":17},"end":{"line":13,"column":75}},"7":{"start":{"line":14,"column":20},"end":{"line":14,"column":39}},"8":{"start":{"line":15,"column":4},"end":{"line":15,"column":59}},"9":{"start":{"line":16,"column":4},"end":{"line":19,"column":6}},"10":{"start":{"line":22,"column":4},"end":{"line":35,"column":5}},"11":{"start":{"line":23,"column":15},"end":{"line":23,"column":42}},"12":{"start":{"line":24,"column":26},"end":{"line":24,"column":64}},"13":{"start":{"line":25,"column":21},"end":{"line":29,"column":7}},"14":{"start":{"line":30,"column":22},"end":{"line":30,"column":52}},"15":{"start":{"line":31,"column":6},"end":{"line":31,"column":63}},"16":{"start":{"line":32,"column":6},"end":{"line":32,"column":34}},"17":{"start":{"line":34,"column":6},"end":{"line":34,"column":25}}},"fnMap":{"0":{"name":"(anonymous_0)","decl":{"start":{"line":8,"column":15},"end":{"line":8,"column":16}},"loc":{"start":{"line":8,"column":25},"end":{"line":20,"column":3}},"line":8},"1":{"name":"(anonymous_1)","decl":{"start":{"line":21,"column":15},"end":{"line":21,"column":16}},"loc":{"start":{"line":21,"column":25},"end":{"line":36,"column":3}},"line":21}},"branchMap":{},"s":{"0":0,"1":0,"2":0,"3":0,"4":0,"5":0,"6":0,"7":0,"8":0,"9":0,"10":0,"11":0,"12":0,"13":0,"14":0,"15":0,"16":0,"17":0},"f":{"0":0,"1":0},"b":{},"all":true},"/Users/indofund/dwiky/stikes/SIK-rest-api/src/validator/account-cost.js":{"path":"/Users/indofund/dwiky/stikes/SIK-rest-api/src/validator/account-cost.js","statementMap":{"0":{"start":{"line":1,"column":17},"end":{"line":1,"column":45}},"1":{"start":{"line":3,"column":0},"end":{"line":10,"column":2}}},"fnMap":{},"branchMap":{},"s":{"0":0,"1":0},"f":{},"b":{},"all":true},"/Users/indofund/dwiky/stikes/SIK-rest-api/src/validator/payment-rate.js":{"path":"/Users/indofund/dwiky/stikes/SIK-rest-api/src/validator/payment-rate.js","statementMap":{"0":{"start":{"line":1,"column":17},"end":{"line":1,"column":45}},"1":{"start":{"line":3,"column":0},"end":{"line":8,"column":2}}},"fnMap":{},"branchMap":{},"s":{"0":0,"1":0},"f":{},"b":{},"all":true},"/Users/indofund/dwiky/stikes/SIK-rest-api/src/validator/payment-type.js":{"path":"/Users/indofund/dwiky/stikes/SIK-rest-api/src/validator/payment-type.js","statementMap":{"0":{"start":{"line":1,"column":17},"end":{"line":1,"column":45}},"1":{"start":{"line":3,"column":0},"end":{"line":11,"column":2}}},"fnMap":{},"branchMap":{},"s":{"0":0,"1":0},"f":{},"b":{},"all":true},"/Users/indofund/dwiky/stikes/SIK-rest-api/src/validator/pos-pay.js":{"path":"/Users/indofund/dwiky/stikes/SIK-rest-api/src/validator/pos-pay.js","statementMap":{"0":{"start":{"line":1,"column":17},"end":{"line":1,"column":45}},"1":{"start":{"line":3,"column":0},"end":{"line":10,"column":2}}},"fnMap":{},"branchMap":{},"s":{"0":0,"1":0},"f":{},"b":{},"all":true}}